SELECT ERROR: query=SELECT * FROM Blocks ORDER BY height DESC LIMIT 10 message=SQLITE_ERROR: no such table: Blocks
Status: 200
Headers: {"date":"Sat, 10 Dec 2016 20:16:55 +0000","connection":"close","content-length":"43","content-type":"application/json","server":"ppcoin-json-rpc/v0.5.3ppc-beta"}
Status: 200
Headers: {"date":"Sat, 10 Dec 2016 20:16:55 +0000","connection":"close","content-length":"47","content-type":"application/json","server":"ppcoin-json-rpc/v0.5.3ppc-beta"}
start from 0
Status: 200
Headers: {"date":"Sat, 10 Dec 2016 20:16:57 +0000","connection":"close","content-length":"107","content-type":"application/json","server":"ppcoin-json-rpc/v0.5.3ppc-beta"}
Status: 200
Headers: {"date":"Sat, 10 Dec 2016 20:16:57 +0000","connection":"close","content-length":"692","content-type":"application/json","server":"ppcoin-json-rpc/v0.5.3ppc-beta"}
INSERT INTO Blocks VALUES  ('0000000032fe677166d54963b62a4677d8957e87c508eaa4fd7eb1c880cd27e3', '230', '0', '1', '3c2d8f85fab4d17aac558cc648a1a58acff0de6deb890c29985690052c5993c2', '2012-08-16%2002%3A31%3A27%20UTC', '2179302059', '1d00ffff', '1', '', '00000000000be4e024af5071ba515c7510767f42ec9e40c5fba56775ff296658', '', '%5B%223c2d8f85fab4d17aac558cc648a1a58acff0de6deb890c29985690052c5993c2%22%5D')
try save transactions for block=0
Status: 500
Headers: {"date":"Sat, 10 Dec 2016 20:16:58 +0000","connection":"close","content-length":"107","content-type":"application/json","server":"ppcoin-json-rpc/v0.5.3ppc-beta"}
Status: 200
Headers: {"date":"Sat, 10 Dec 2016 20:17:07 +0000","connection":"close","content-length":"43","content-type":"application/json","server":"ppcoin-json-rpc/v0.5.3ppc-beta"}
Status: 200
Headers: {"date":"Sat, 10 Dec 2016 20:17:07 +0000","connection":"close","content-length":"107","content-type":"application/json","server":"ppcoin-json-rpc/v0.5.3ppc-beta"}
Status: 200
Headers: {"date":"Sat, 10 Dec 2016 20:17:07 +0000","connection":"close","content-length":"769","content-type":"application/json","server":"ppcoin-json-rpc/v0.5.3ppc-beta"}
INSERT INTO Blocks VALUES  ('00000000000be4e024af5071ba515c7510767f42ec9e40c5fba56775ff296658', '267', '1', '1', '1bdae84eff34e15399335fc2a48c70fa6b0b9caf972e38b0e3bda106d223f668', '2012-08-19%2018%3A19%3A16%20UTC', '1915373966', '1c00ffff', '256', '0000000032fe677166d54963b62a4677d8957e87c508eaa4fd7eb1c880cd27e3', '0000000000fdfc564b25df5858ad9f5e3378d9102a22d5c785f9ab92ec3a304a', '', '%5B%221bdae84eff34e15399335fc2a48c70fa6b0b9caf972e38b0e3bda106d223f668%22%5D')
try save transactions for block=1
Status: 200
Headers: {"date":"Sat, 10 Dec 2016 20:17:07 +0000","connection":"close","content-length":"271","content-type":"application/json","server":"ppcoin-json-rpc/v0.5.3ppc-beta"}
Status: 200
Headers: {"date":"Sat, 10 Dec 2016 20:17:08 +0000","connection":"close","content-length":"536","content-type":"application/json","server":"ppcoin-json-rpc/v0.5.3ppc-beta"}
INSERT INTO Transactions VALUES  ('00000000000be4e024af5071ba515c7510767f42ec9e40c5fba56775ff296658', '1', '1bdae84eff34e15399335fc2a48c70fa6b0b9caf972e38b0e3bda106d223f668', '1345399924', '%5B%7B%22coinbase%22%3A%2204242e3150021a02062f503253482f%22%2C%22sequence%22%3A4294967295%7D%5D', '%5B%7B%22value%22%3A2499.75%2C%22n%22%3A0%2C%22scriptPubKey%22%3A%7B%22asm%22%3A%2202e5d9735f12cc4adfce708445c9e109dc945a135377bddf6a6f856757c88eecb3%20OP_CHECKSIG%22%2C%22hex%22%3A%222102e5d9735f12cc4adfce708445c9e109dc945a135377bddf6a6f856757c88eecb3ac%22%2C%22reqSigs%22%3A1%2C%22type%22%3A%22pubkey%22%2C%22addresses%22%3A%5B%22P9AqJKeEe9Y8e9j4zF88mzD7gm5UG928iP%22%5D%7D%7D%5D')
INSERT INTO Address VALUES  ('P9AqJKeEe9Y8e9j4zF88mzD7gm5UG928iP1bdae84eff34e15399335fc2a48c70fa6b0b9caf972e38b0e3bda106d223f6680', 'P9AqJKeEe9Y8e9j4zF88mzD7gm5UG928iP', '%7B%22asm%22%3A%2202e5d9735f12cc4adfce708445c9e109dc945a135377bddf6a6f856757c88eecb3%20OP_CHECKSIG%22%2C%22hex%22%3A%222102e5d9735f12cc4adfce708445c9e109dc945a135377bddf6a6f856757c88eecb3ac%22%2C%22reqSigs%22%3A1%2C%22type%22%3A%22pubkey%22%2C%22addresses%22%3A%5B%22P9AqJKeEe9Y8e9j4zF88mzD7gm5UG928iP%22%5D%7D', '2499.75', '1bdae84eff34e15399335fc2a48c70fa6b0b9caf972e38b0e3bda106d223f668', '0', '1345399924', '0', '1')
success: ForEachAsync (!array || !array.length)
Status: 200
Headers: {"date":"Sat, 10 Dec 2016 20:17:08 +0000","connection":"close","content-length":"107","content-type":"application/json","server":"ppcoin-json-rpc/v0.5.3ppc-beta"}
Status: 200
Headers: {"date":"Sat, 10 Dec 2016 20:17:08 +0000","connection":"close","content-length":"784","content-type":"application/json","server":"ppcoin-json-rpc/v0.5.3ppc-beta"}
INSERT INTO Blocks VALUES  ('0000000000fdfc564b25df5858ad9f5e3378d9102a22d5c785f9ab92ec3a304a', '267', '2', '1', '39c0549e02a533584dbc8082b37f05ec6e72310ad40b45541d5131a65e7cbcfd', '2012-08-19%2018%3A19%3A28%20UTC', '1692946390', '1c00ffff', '256', '00000000000be4e024af5071ba515c7510767f42ec9e40c5fba56775ff296658', '000000000055f87a91082072032be5debae41a799e8a0c41a0f9d02ccc8977b7', '', '%5B%2239c0549e02a533584dbc8082b37f05ec6e72310ad40b45541d5131a65e7cbcfd%22%5D')
try save transactions for block=2
Status: 200
Headers: {"date":"Sat, 10 Dec 2016 20:17:09 +0000","connection":"close","content-length":"271","content-type":"application/json","server":"ppcoin-json-rpc/v0.5.3ppc-beta"}
Status: 200
Headers: {"date":"Sat, 10 Dec 2016 20:17:09 +0000","connection":"close","content-length":"536","content-type":"application/json","server":"ppcoin-json-rpc/v0.5.3ppc-beta"}
INSERT INTO Transactions VALUES  ('0000000000fdfc564b25df5858ad9f5e3378d9102a22d5c785f9ab92ec3a304a', '2', '39c0549e02a533584dbc8082b37f05ec6e72310ad40b45541d5131a65e7cbcfd', '1345400368', '%5B%7B%22coinbase%22%3A%2204302e3150028901062f503253482f%22%2C%22sequence%22%3A4294967295%7D%5D', '%5B%7B%22value%22%3A2499.75%2C%22n%22%3A0%2C%22scriptPubKey%22%3A%7B%22asm%22%3A%220399792c3b9c66124bd0c9527eceda6bd3b2cf73a7e41ffd8ce5a443b6e91d7c01%20OP_CHECKSIG%22%2C%22hex%22%3A%22210399792c3b9c66124bd0c9527eceda6bd3b2cf73a7e41ffd8ce5a443b6e91d7c01ac%22%2C%22reqSigs%22%3A1%2C%22type%22%3A%22pubkey%22%2C%22addresses%22%3A%5B%22PBMN1yUSoRuaotjQRWjyk6mDRibjPuzigw%22%5D%7D%7D%5D')
INSERT INTO Address VALUES  ('PBMN1yUSoRuaotjQRWjyk6mDRibjPuzigw39c0549e02a533584dbc8082b37f05ec6e72310ad40b45541d5131a65e7cbcfd0', 'PBMN1yUSoRuaotjQRWjyk6mDRibjPuzigw', '%7B%22asm%22%3A%220399792c3b9c66124bd0c9527eceda6bd3b2cf73a7e41ffd8ce5a443b6e91d7c01%20OP_CHECKSIG%22%2C%22hex%22%3A%22210399792c3b9c66124bd0c9527eceda6bd3b2cf73a7e41ffd8ce5a443b6e91d7c01ac%22%2C%22reqSigs%22%3A1%2C%22type%22%3A%22pubkey%22%2C%22addresses%22%3A%5B%22PBMN1yUSoRuaotjQRWjyk6mDRibjPuzigw%22%5D%7D', '2499.75', '39c0549e02a533584dbc8082b37f05ec6e72310ad40b45541d5131a65e7cbcfd', '0', '1345400368', '0', '2')
success: ForEachAsync (!array || !array.length)
Status: 200
Headers: {"date":"Sat, 10 Dec 2016 20:17:09 +0000","connection":"close","content-length":"107","content-type":"application/json","server":"ppcoin-json-rpc/v0.5.3ppc-beta"}
Status: 200
Headers: {"date":"Sat, 10 Dec 2016 20:17:10 +0000","connection":"close","content-length":"768","content-type":"application/json","server":"ppcoin-json-rpc/v0.5.3ppc-beta"}
INSERT INTO Blocks VALUES  ('000000000055f87a91082072032be5debae41a799e8a0c41a0f9d02ccc8977b7', '267', '3', '1', '57a5b9d8ec4ac3b3a4d1d1135696a84f092fbea3be5311412db69f8dff366aeb', '2012-08-19%2018%3A25%3A24%20UTC', '909758338', '1c00ff7f', '256.50098613', '0000000000fdfc564b25df5858ad9f5e3378d9102a22d5c785f9ab92ec3a304a', '00000000002180942a935d0a81e94694c90dc76d35304b347096e60fd281041a', '', '%5B%2257a5b9d8ec4ac3b3a4d1d1135696a84f092fbea3be5311412db69f8dff366aeb%22%5D')
try save transactions for block=3
Status: 200
Headers: {"date":"Sat, 10 Dec 2016 20:17:10 +0000","connection":"close","content-length":"271","content-type":"application/json","server":"ppcoin-json-rpc/v0.5.3ppc-beta"}
Status: 200
Headers: {"date":"Sat, 10 Dec 2016 20:17:10 +0000","connection":"close","content-length":"536","content-type":"application/json","server":"ppcoin-json-rpc/v0.5.3ppc-beta"}
INSERT INTO Transactions VALUES  ('000000000055f87a91082072032be5debae41a799e8a0c41a0f9d02ccc8977b7', '3', '57a5b9d8ec4ac3b3a4d1d1135696a84f092fbea3be5311412db69f8dff366aeb', '1345400554', '%5B%7B%22coinbase%22%3A%2204942f315002a100062f503253482f%22%2C%22sequence%22%3A4294967295%7D%5D', '%5B%7B%22value%22%3A2498.53%2C%22n%22%3A0%2C%22scriptPubKey%22%3A%7B%22asm%22%3A%22031d456fc3e34fffe6e5f6ad62b6e639ad32d9cde6db52b973d4bdc9e65cab7e38%20OP_CHECKSIG%22%2C%22hex%22%3A%2221031d456fc3e34fffe6e5f6ad62b6e639ad32d9cde6db52b973d4bdc9e65cab7e38ac%22%2C%22reqSigs%22%3A1%2C%22type%22%3A%22pubkey%22%2C%22addresses%22%3A%5B%22PNMt5j5wBk9UDwkCUw2TwPuEsKcH5oBxYS%22%5D%7D%7D%5D')
INSERT INTO Address VALUES  ('PNMt5j5wBk9UDwkCUw2TwPuEsKcH5oBxYS57a5b9d8ec4ac3b3a4d1d1135696a84f092fbea3be5311412db69f8dff366aeb0', 'PNMt5j5wBk9UDwkCUw2TwPuEsKcH5oBxYS', '%7B%22asm%22%3A%22031d456fc3e34fffe6e5f6ad62b6e639ad32d9cde6db52b973d4bdc9e65cab7e38%20OP_CHECKSIG%22%2C%22hex%22%3A%2221031d456fc3e34fffe6e5f6ad62b6e639ad32d9cde6db52b973d4bdc9e65cab7e38ac%22%2C%22reqSigs%22%3A1%2C%22type%22%3A%22pubkey%22%2C%22addresses%22%3A%5B%22PNMt5j5wBk9UDwkCUw2TwPuEsKcH5oBxYS%22%5D%7D', '2498.53', '57a5b9d8ec4ac3b3a4d1d1135696a84f092fbea3be5311412db69f8dff366aeb', '0', '1345400554', '0', '3')
success: ForEachAsync (!array || !array.length)
Status: 200
Headers: {"date":"Sat, 10 Dec 2016 20:17:11 +0000","connection":"close","content-length":"107","content-type":"application/json","server":"ppcoin-json-rpc/v0.5.3ppc-beta"}
Status: 200
Headers: {"date":"Sat, 10 Dec 2016 20:17:11 +0000","connection":"close","content-length":"769","content-type":"application/json","server":"ppcoin-json-rpc/v0.5.3ppc-beta"}
INSERT INTO Blocks VALUES  ('00000000002180942a935d0a81e94694c90dc76d35304b347096e60fd281041a', '268', '4', '1', '24f80244964eb3b6ce3af70498515e916c774aa35b72beb0061e89252e6fada5', '2012-08-19%2018%3A27%3A31%20UTC', '1623046657', '1c00ff4a', '256.70900021', '000000000055f87a91082072032be5debae41a799e8a0c41a0f9d02ccc8977b7', '0000000000ba33d107d41f38cac41af7570bab2398a60361f40ee3849a8a6c6d', '', '%5B%2224f80244964eb3b6ce3af70498515e916c774aa35b72beb0061e89252e6fada5%22%5D')
try save transactions for block=4
Status: 200
Headers: {"date":"Sat, 10 Dec 2016 20:17:11 +0000","connection":"close","content-length":"271","content-type":"application/json","server":"ppcoin-json-rpc/v0.5.3ppc-beta"}
Status: 200
Headers: {"date":"Sat, 10 Dec 2016 20:17:11 +0000","connection":"close","content-length":"536","content-type":"application/json","server":"ppcoin-json-rpc/v0.5.3ppc-beta"}
INSERT INTO Transactions VALUES  ('00000000002180942a935d0a81e94694c90dc76d35304b347096e60fd281041a', '4', '24f80244964eb3b6ce3af70498515e916c774aa35b72beb0061e89252e6fada5', '1345400728', '%5B%7B%22coinbase%22%3A%220413303150027f03062f503253482f%22%2C%22sequence%22%3A4294967295%7D%5D', '%5B%7B%22value%22%3A2498.03%2C%22n%22%3A0%2C%22scriptPubKey%22%3A%7B%22asm%22%3A%2202565ad8c9f7539d016658d9884c8692a5129572a4a70c60eacc8e0205d19c64d9%20OP_CHECKSIG%22%2C%22hex%22%3A%222102565ad8c9f7539d016658d9884c8692a5129572a4a70c60eacc8e0205d19c64d9ac%22%2C%22reqSigs%22%3A1%2C%22type%22%3A%22pubkey%22%2C%22addresses%22%3A%5B%22PK7qEyqU9zzuyTfbaiAj1cfRmLftypTfy7%22%5D%7D%7D%5D')
INSERT INTO Address VALUES  ('PK7qEyqU9zzuyTfbaiAj1cfRmLftypTfy724f80244964eb3b6ce3af70498515e916c774aa35b72beb0061e89252e6fada50', 'PK7qEyqU9zzuyTfbaiAj1cfRmLftypTfy7', '%7B%22asm%22%3A%2202565ad8c9f7539d016658d9884c8692a5129572a4a70c60eacc8e0205d19c64d9%20OP_CHECKSIG%22%2C%22hex%22%3A%222102565ad8c9f7539d016658d9884c8692a5129572a4a70c60eacc8e0205d19c64d9ac%22%2C%22reqSigs%22%3A1%2C%22type%22%3A%22pubkey%22%2C%22addresses%22%3A%5B%22PK7qEyqU9zzuyTfbaiAj1cfRmLftypTfy7%22%5D%7D', '2498.03', '24f80244964eb3b6ce3af70498515e916c774aa35b72beb0061e89252e6fada5', '0', '1345400728', '0', '4')
success: ForEachAsync (!array || !array.length)
Status: 200
Headers: {"date":"Sat, 10 Dec 2016 20:17:12 +0000","connection":"close","content-length":"107","content-type":"application/json","server":"ppcoin-json-rpc/v0.5.3ppc-beta"}
Status: 200
Headers: {"date":"Sat, 10 Dec 2016 20:17:12 +0000","connection":"close","content-length":"769","content-type":"application/json","server":"ppcoin-json-rpc/v0.5.3ppc-beta"}
INSERT INTO Blocks VALUES  ('0000000000ba33d107d41f38cac41af7570bab2398a60361f40ee3849a8a6c6d', '266', '5', '1', '2018173399ae9a9f4b22996043d917117d606af62953955592d548432429338f', '2012-08-19%2018%3A28%3A02%20UTC', '4039158439', '1c00fee3', '257.11422047', '00000000002180942a935d0a81e94694c90dc76d35304b347096e60fd281041a', '000000000075539e749a8b51f1b1be61f917ee8faee580ef42168d9761de6aa5', '', '%5B%222018173399ae9a9f4b22996043d917117d606af62953955592d548432429338f%22%5D')
try save transactions for block=5
Status: 200
Headers: {"date":"Sat, 10 Dec 2016 20:17:12 +0000","connection":"close","content-length":"269","content-type":"application/json","server":"ppcoin-json-rpc/v0.5.3ppc-beta"}
Status: 200
Headers: {"date":"Sat, 10 Dec 2016 20:17:13 +0000","connection":"close","content-length":"534","content-type":"application/json","server":"ppcoin-json-rpc/v0.5.3ppc-beta"}
INSERT INTO Transactions VALUES  ('0000000000ba33d107d41f38cac41af7570bab2398a60361f40ee3849a8a6c6d', '5', '2018173399ae9a9f4b22996043d917117d606af62953955592d548432429338f', '1345400860', '%5B%7B%22coinbase%22%3A%220432303150013c062f503253482f%22%2C%22sequence%22%3A4294967295%7D%5D', '%5B%7B%22value%22%3A2497.03%2C%22n%22%3A0%2C%22scriptPubKey%22%3A%7B%22asm%22%3A%22036c7fd1e56a33d262f89617902f5697a4739017c94192d8f2fd64a159c7558b71%20OP_CHECKSIG%22%2C%22hex%22%3A%2221036c7fd1e56a33d262f89617902f5697a4739017c94192d8f2fd64a159c7558b71ac%22%2C%22reqSigs%22%3A1%2C%22type%22%3A%22pubkey%22%2C%22addresses%22%3A%5B%22PTmZLiFg8XgbczRo4qPo2cnpqBp9fvv3ZV%22%5D%7D%7D%5D')
INSERT INTO Address VALUES  ('PTmZLiFg8XgbczRo4qPo2cnpqBp9fvv3ZV2018173399ae9a9f4b22996043d917117d606af62953955592d548432429338f0', 'PTmZLiFg8XgbczRo4qPo2cnpqBp9fvv3ZV', '%7B%22asm%22%3A%22036c7fd1e56a33d262f89617902f5697a4739017c94192d8f2fd64a159c7558b71%20OP_CHECKSIG%22%2C%22hex%22%3A%2221036c7fd1e56a33d262f89617902f5697a4739017c94192d8f2fd64a159c7558b71ac%22%2C%22reqSigs%22%3A1%2C%22type%22%3A%22pubkey%22%2C%22addresses%22%3A%5B%22PTmZLiFg8XgbczRo4qPo2cnpqBp9fvv3ZV%22%5D%7D', '2497.03', '2018173399ae9a9f4b22996043d917117d606af62953955592d548432429338f', '0', '1345400860', '0', '5')
success: ForEachAsync (!array || !array.length)
Status: 200
Headers: {"date":"Sat, 10 Dec 2016 20:17:13 +0000","connection":"close","content-length":"107","content-type":"application/json","server":"ppcoin-json-rpc/v0.5.3ppc-beta"}
Status: 200
Headers: {"date":"Sat, 10 Dec 2016 20:17:13 +0000","connection":"close","content-length":"769","content-type":"application/json","server":"ppcoin-json-rpc/v0.5.3ppc-beta"}
INSERT INTO Blocks VALUES  ('000000000075539e749a8b51f1b1be61f917ee8faee580ef42168d9761de6aa5', '267', '6', '1', 'b831a24d92f42199e1105c93cb115ee73428452a13ca671e4538babb00aa6cdf', '2012-08-19%2018%3A30%3A09%20UTC', '1644224142', '1c00fe68', '257.59980346', '0000000000ba33d107d41f38cac41af7570bab2398a60361f40ee3849a8a6c6d', '000000000005dc8a7615f083fe35e617801ce4cee73fcef7d38e15edd2fe7311', '', '%5B%22b831a24d92f42199e1105c93cb115ee73428452a13ca671e4538babb00aa6cdf%22%5D')
try save transactions for block=6
Status: 200
Headers: {"date":"Sat, 10 Dec 2016 20:17:14 +0000","connection":"close","content-length":"271","content-type":"application/json","server":"ppcoin-json-rpc/v0.5.3ppc-beta"}
Status: 200
Headers: {"date":"Sat, 10 Dec 2016 20:17:14 +0000","connection":"close","content-length":"536","content-type":"application/json","server":"ppcoin-json-rpc/v0.5.3ppc-beta"}
INSERT INTO Transactions VALUES  ('000000000075539e749a8b51f1b1be61f917ee8faee580ef42168d9761de6aa5', '6', 'b831a24d92f42199e1105c93cb115ee73428452a13ca671e4538babb00aa6cdf', '1345400937', '%5B%7B%22coinbase%22%3A%2204b1303150026001062f503253482f%22%2C%22sequence%22%3A4294967295%7D%5D', '%5B%7B%22value%22%3A2495.86%2C%22n%22%3A0%2C%22scriptPubKey%22%3A%7B%22asm%22%3A%2202e5d9735f12cc4adfce708445c9e109dc945a135377bddf6a6f856757c88eecb3%20OP_CHECKSIG%22%2C%22hex%22%3A%222102e5d9735f12cc4adfce708445c9e109dc945a135377bddf6a6f856757c88eecb3ac%22%2C%22reqSigs%22%3A1%2C%22type%22%3A%22pubkey%22%2C%22addresses%22%3A%5B%22P9AqJKeEe9Y8e9j4zF88mzD7gm5UG928iP%22%5D%7D%7D%5D')
INSERT INTO Address VALUES  ('P9AqJKeEe9Y8e9j4zF88mzD7gm5UG928iPb831a24d92f42199e1105c93cb115ee73428452a13ca671e4538babb00aa6cdf0', 'P9AqJKeEe9Y8e9j4zF88mzD7gm5UG928iP', '%7B%22asm%22%3A%2202e5d9735f12cc4adfce708445c9e109dc945a135377bddf6a6f856757c88eecb3%20OP_CHECKSIG%22%2C%22hex%22%3A%222102e5d9735f12cc4adfce708445c9e109dc945a135377bddf6a6f856757c88eecb3ac%22%2C%22reqSigs%22%3A1%2C%22type%22%3A%22pubkey%22%2C%22addresses%22%3A%5B%22P9AqJKeEe9Y8e9j4zF88mzD7gm5UG928iP%22%5D%7D', '2495.86', 'b831a24d92f42199e1105c93cb115ee73428452a13ca671e4538babb00aa6cdf', '0', '1345400937', '0', '6')
success: ForEachAsync (!array || !array.length)
Status: 200
Headers: {"date":"Sat, 10 Dec 2016 20:17:14 +0000","connection":"close","content-length":"107","content-type":"application/json","server":"ppcoin-json-rpc/v0.5.3ppc-beta"}
Status: 200
Headers: {"date":"Sat, 10 Dec 2016 20:17:15 +0000","connection":"close","content-length":"769","content-type":"application/json","server":"ppcoin-json-rpc/v0.5.3ppc-beta"}
INSERT INTO Blocks VALUES  ('000000000005dc8a7615f083fe35e617801ce4cee73fcef7d38e15edd2fe7311', '266', '7', '1', 'f25f32a066ebc7bc6d93daae39d4bbf0cbb17a83728da542fdc211c65dba5a51', '2012-08-19%2018%3A38%3A58%20UTC', '1963748775', '1c00fe02', '258.00387537', '000000000075539e749a8b51f1b1be61f917ee8faee580ef42168d9761de6aa5', '00000000005d65dc22a2e39a69460127acb405a9e6230b9a1677ed7a0068f353', '', '%5B%22f25f32a066ebc7bc6d93daae39d4bbf0cbb17a83728da542fdc211c65dba5a51%22%5D')
try save transactions for block=7
Status: 200
Headers: {"date":"Sat, 10 Dec 2016 20:17:15 +0000","connection":"close","content-length":"271","content-type":"application/json","server":"ppcoin-json-rpc/v0.5.3ppc-beta"}
Status: 200
Headers: {"date":"Sat, 10 Dec 2016 20:17:15 +0000","connection":"close","content-length":"536","content-type":"application/json","server":"ppcoin-json-rpc/v0.5.3ppc-beta"}
INSERT INTO Transactions VALUES  ('000000000005dc8a7615f083fe35e617801ce4cee73fcef7d38e15edd2fe7311', '7', 'f25f32a066ebc7bc6d93daae39d4bbf0cbb17a83728da542fdc211c65dba5a51', '1345401036', '%5B%7B%22coinbase%22%3A%2204c232315002f103062f503253482f%22%2C%22sequence%22%3A4294967295%7D%5D', '%5B%7B%22value%22%3A2494.88%2C%22n%22%3A0%2C%22scriptPubKey%22%3A%7B%22asm%22%3A%220399792c3b9c66124bd0c9527eceda6bd3b2cf73a7e41ffd8ce5a443b6e91d7c01%20OP_CHECKSIG%22%2C%22hex%22%3A%22210399792c3b9c66124bd0c9527eceda6bd3b2cf73a7e41ffd8ce5a443b6e91d7c01ac%22%2C%22reqSigs%22%3A1%2C%22type%22%3A%22pubkey%22%2C%22addresses%22%3A%5B%22PBMN1yUSoRuaotjQRWjyk6mDRibjPuzigw%22%5D%7D%7D%5D')
INSERT INTO Address VALUES  ('PBMN1yUSoRuaotjQRWjyk6mDRibjPuzigwf25f32a066ebc7bc6d93daae39d4bbf0cbb17a83728da542fdc211c65dba5a510', 'PBMN1yUSoRuaotjQRWjyk6mDRibjPuzigw', '%7B%22asm%22%3A%220399792c3b9c66124bd0c9527eceda6bd3b2cf73a7e41ffd8ce5a443b6e91d7c01%20OP_CHECKSIG%22%2C%22hex%22%3A%22210399792c3b9c66124bd0c9527eceda6bd3b2cf73a7e41ffd8ce5a443b6e91d7c01ac%22%2C%22reqSigs%22%3A1%2C%22type%22%3A%22pubkey%22%2C%22addresses%22%3A%5B%22PBMN1yUSoRuaotjQRWjyk6mDRibjPuzigw%22%5D%7D', '2494.88', 'f25f32a066ebc7bc6d93daae39d4bbf0cbb17a83728da542fdc211c65dba5a51', '0', '1345401036', '0', '7')
success: ForEachAsync (!array || !array.length)
Status: 200
Headers: {"date":"Sat, 10 Dec 2016 20:17:16 +0000","connection":"close","content-length":"107","content-type":"application/json","server":"ppcoin-json-rpc/v0.5.3ppc-beta"}
Status: 200
Headers: {"date":"Sat, 10 Dec 2016 20:17:16 +0000","connection":"close","content-length":"769","content-type":"application/json","server":"ppcoin-json-rpc/v0.5.3ppc-beta"}
INSERT INTO Blocks VALUES  ('00000000005d65dc22a2e39a69460127acb405a9e6230b9a1677ed7a0068f353', '267', '8', '1', '281df647a3c1a64550045601c57df3ffc53f68a481b978a752c37e48fc009637', '2012-08-19%2018%3A41%3A10%20UTC', '3512439936', '1c00fdf2', '258.06737425', '000000000005dc8a7615f083fe35e617801ce4cee73fcef7d38e15edd2fe7311', '00000000003bc08a27e375a9e6f131d70db2899693ffe06fca8805a4ad8bd4ec', '', '%5B%22281df647a3c1a64550045601c57df3ffc53f68a481b978a752c37e48fc009637%22%5D')
try save transactions for block=8
Status: 200
Headers: {"date":"Sat, 10 Dec 2016 20:17:16 +0000","connection":"close","content-length":"271","content-type":"application/json","server":"ppcoin-json-rpc/v0.5.3ppc-beta"}
Status: 200
Headers: {"date":"Sat, 10 Dec 2016 20:17:16 +0000","connection":"close","content-length":"536","content-type":"application/json","server":"ppcoin-json-rpc/v0.5.3ppc-beta"}
INSERT INTO Transactions VALUES  ('00000000005d65dc22a2e39a69460127acb405a9e6230b9a1677ed7a0068f353', '8', '281df647a3c1a64550045601c57df3ffc53f68a481b978a752c37e48fc009637', '1345401566', '%5B%7B%22coinbase%22%3A%220446333150020804062f503253482f%22%2C%22sequence%22%3A4294967295%7D%5D', '%5B%7B%22value%22%3A2494.73%2C%22n%22%3A0%2C%22scriptPubKey%22%3A%7B%22asm%22%3A%2202e5d9735f12cc4adfce708445c9e109dc945a135377bddf6a6f856757c88eecb3%20OP_CHECKSIG%22%2C%22hex%22%3A%222102e5d9735f12cc4adfce708445c9e109dc945a135377bddf6a6f856757c88eecb3ac%22%2C%22reqSigs%22%3A1%2C%22type%22%3A%22pubkey%22%2C%22addresses%22%3A%5B%22P9AqJKeEe9Y8e9j4zF88mzD7gm5UG928iP%22%5D%7D%7D%5D')
INSERT INTO Address VALUES  ('P9AqJKeEe9Y8e9j4zF88mzD7gm5UG928iP281df647a3c1a64550045601c57df3ffc53f68a481b978a752c37e48fc0096370', 'P9AqJKeEe9Y8e9j4zF88mzD7gm5UG928iP', '%7B%22asm%22%3A%2202e5d9735f12cc4adfce708445c9e109dc945a135377bddf6a6f856757c88eecb3%20OP_CHECKSIG%22%2C%22hex%22%3A%222102e5d9735f12cc4adfce708445c9e109dc945a135377bddf6a6f856757c88eecb3ac%22%2C%22reqSigs%22%3A1%2C%22type%22%3A%22pubkey%22%2C%22addresses%22%3A%5B%22P9AqJKeEe9Y8e9j4zF88mzD7gm5UG928iP%22%5D%7D', '2494.73', '281df647a3c1a64550045601c57df3ffc53f68a481b978a752c37e48fc009637', '0', '1345401566', '0', '8')
success: ForEachAsync (!array || !array.length)
Status: 200
Headers: {"date":"Sat, 10 Dec 2016 20:17:17 +0000","connection":"close","content-length":"107","content-type":"application/json","server":"ppcoin-json-rpc/v0.5.3ppc-beta"}
Status: 200
Headers: {"date":"Sat, 10 Dec 2016 20:17:17 +0000","connection":"close","content-length":"43","content-type":"application/json","server":"ppcoin-json-rpc/v0.5.3ppc-beta"}
Status: 200
Headers: {"date":"Sat, 10 Dec 2016 20:17:17 +0000","connection":"close","content-length":"769","content-type":"application/json","server":"ppcoin-json-rpc/v0.5.3ppc-beta"}
INSERT INTO Blocks VALUES  ('00000000003bc08a27e375a9e6f131d70db2899693ffe06fca8805a4ad8bd4ec', '268', '9', '1', '3321ddc1ecfa443d07715782db5e33eed31eff8da997e55398f7c1ec51d59fdb', '2012-08-19%2018%3A53%3A12%20UTC', '3767220614', '1c00fd8d', '258.46893343', '00000000005d65dc22a2e39a69460127acb405a9e6230b9a1677ed7a0068f353', '000000000079fee569a366d3e60e15ffae048acf2b86e5ef5b353f5fdf5cb352', '', '%5B%223321ddc1ecfa443d07715782db5e33eed31eff8da997e55398f7c1ec51d59fdb%22%5D')
try save transactions for block=9
Status: 200
Headers: {"date":"Sat, 10 Dec 2016 20:17:17 +0000","connection":"close","content-length":"271","content-type":"application/json","server":"ppcoin-json-rpc/v0.5.3ppc-beta"}
Status: 200
Headers: {"date":"Sat, 10 Dec 2016 20:17:18 +0000","connection":"close","content-length":"536","content-type":"application/json","server":"ppcoin-json-rpc/v0.5.3ppc-beta"}
INSERT INTO Transactions VALUES  ('00000000003bc08a27e375a9e6f131d70db2899693ffe06fca8805a4ad8bd4ec', '9', '3321ddc1ecfa443d07715782db5e33eed31eff8da997e55398f7c1ec51d59fdb', '1345401673', '%5B%7B%22coinbase%22%3A%22041836315002e706062f503253482f%22%2C%22sequence%22%3A4294967295%7D%5D', '%5B%7B%22value%22%3A2493.75%2C%22n%22%3A0%2C%22scriptPubKey%22%3A%7B%22asm%22%3A%2202e5d9735f12cc4adfce708445c9e109dc945a135377bddf6a6f856757c88eecb3%20OP_CHECKSIG%22%2C%22hex%22%3A%222102e5d9735f12cc4adfce708445c9e109dc945a135377bddf6a6f856757c88eecb3ac%22%2C%22reqSigs%22%3A1%2C%22type%22%3A%22pubkey%22%2C%22addresses%22%3A%5B%22P9AqJKeEe9Y8e9j4zF88mzD7gm5UG928iP%22%5D%7D%7D%5D')
INSERT INTO Address VALUES  ('P9AqJKeEe9Y8e9j4zF88mzD7gm5UG928iP3321ddc1ecfa443d07715782db5e33eed31eff8da997e55398f7c1ec51d59fdb0', 'P9AqJKeEe9Y8e9j4zF88mzD7gm5UG928iP', '%7B%22asm%22%3A%2202e5d9735f12cc4adfce708445c9e109dc945a135377bddf6a6f856757c88eecb3%20OP_CHECKSIG%22%2C%22hex%22%3A%222102e5d9735f12cc4adfce708445c9e109dc945a135377bddf6a6f856757c88eecb3ac%22%2C%22reqSigs%22%3A1%2C%22type%22%3A%22pubkey%22%2C%22addresses%22%3A%5B%22P9AqJKeEe9Y8e9j4zF88mzD7gm5UG928iP%22%5D%7D', '2493.75', '3321ddc1ecfa443d07715782db5e33eed31eff8da997e55398f7c1ec51d59fdb', '0', '1345401673', '0', '9')
success: ForEachAsync (!array || !array.length)
Status: 200
Headers: {"date":"Sat, 10 Dec 2016 20:17:18 +0000","connection":"close","content-length":"107","content-type":"application/json","server":"ppcoin-json-rpc/v0.5.3ppc-beta"}
Status: 200
Headers: {"date":"Sat, 10 Dec 2016 20:17:18 +0000","connection":"close","content-length":"770","content-type":"application/json","server":"ppcoin-json-rpc/v0.5.3ppc-beta"}
INSERT INTO Blocks VALUES  ('000000000079fee569a366d3e60e15ffae048acf2b86e5ef5b353f5fdf5cb352', '267', '10', '1', '4e607cb76f5e1b26ce0bcf6160aee113864aedcd925e6d61839b8fb173bf5596', '2012-08-19%2018%3A55%3A46%20UTC', '2982624768', '1c00fda7', '258.36544237', '00000000003bc08a27e375a9e6f131d70db2899693ffe06fca8805a4ad8bd4ec', '0000000000e77017e94fa5d2b5915518fbd305677032fb53d762184bae4e08ea', '', '%5B%224e607cb76f5e1b26ce0bcf6160aee113864aedcd925e6d61839b8fb173bf5596%22%5D')
try save transactions for block=10
Status: 200
Headers: {"date":"Sat, 10 Dec 2016 20:17:19 +0000","connection":"close","content-length":"271","content-type":"application/json","server":"ppcoin-json-rpc/v0.5.3ppc-beta"}
Status: 200
Headers: {"date":"Sat, 10 Dec 2016 20:17:19 +0000","connection":"close","content-length":"536","content-type":"application/json","server":"ppcoin-json-rpc/v0.5.3ppc-beta"}
INSERT INTO Transactions VALUES  ('000000000079fee569a366d3e60e15ffae048acf2b86e5ef5b353f5fdf5cb352', '10', '4e607cb76f5e1b26ce0bcf6160aee113864aedcd925e6d61839b8fb173bf5596', '1345402398', '%5B%7B%22coinbase%22%3A%2204b2363150027201062f503253482f%22%2C%22sequence%22%3A4294967295%7D%5D', '%5B%7B%22value%22%3A2494.01%2C%22n%22%3A0%2C%22scriptPubKey%22%3A%7B%22asm%22%3A%2202e5d9735f12cc4adfce708445c9e109dc945a135377bddf6a6f856757c88eecb3%20OP_CHECKSIG%22%2C%22hex%22%3A%222102e5d9735f12cc4adfce708445c9e109dc945a135377bddf6a6f856757c88eecb3ac%22%2C%22reqSigs%22%3A1%2C%22type%22%3A%22pubkey%22%2C%22addresses%22%3A%5B%22P9AqJKeEe9Y8e9j4zF88mzD7gm5UG928iP%22%5D%7D%7D%5D')
INSERT INTO Address VALUES  ('P9AqJKeEe9Y8e9j4zF88mzD7gm5UG928iP4e607cb76f5e1b26ce0bcf6160aee113864aedcd925e6d61839b8fb173bf55960', 'P9AqJKeEe9Y8e9j4zF88mzD7gm5UG928iP', '%7B%22asm%22%3A%2202e5d9735f12cc4adfce708445c9e109dc945a135377bddf6a6f856757c88eecb3%20OP_CHECKSIG%22%2C%22hex%22%3A%222102e5d9735f12cc4adfce708445c9e109dc945a135377bddf6a6f856757c88eecb3ac%22%2C%22reqSigs%22%3A1%2C%22type%22%3A%22pubkey%22%2C%22addresses%22%3A%5B%22P9AqJKeEe9Y8e9j4zF88mzD7gm5UG928iP%22%5D%7D', '2494.01', '4e607cb76f5e1b26ce0bcf6160aee113864aedcd925e6d61839b8fb173bf5596', '0', '1345402398', '0', '10')
success: ForEachAsync (!array || !array.length)
Status: 200
Headers: {"date":"Sat, 10 Dec 2016 20:17:19 +0000","connection":"close","content-length":"107","content-type":"application/json","server":"ppcoin-json-rpc/v0.5.3ppc-beta"}
Status: 200
Headers: {"date":"Sat, 10 Dec 2016 20:17:20 +0000","connection":"close","content-length":"770","content-type":"application/json","server":"ppcoin-json-rpc/v0.5.3ppc-beta"}
INSERT INTO Blocks VALUES  ('0000000000e77017e94fa5d2b5915518fbd305677032fb53d762184bae4e08ea', '267', '11', '1', 'dd545c3072e757419d48a936f722eab8e2cb6b77bd98ae8afd7f88e415a68f27', '2012-08-19%2018%3A58%3A05%20UTC', '3263805807', '1c00fd47', '258.74797576', '000000000079fee569a366d3e60e15ffae048acf2b86e5ef5b353f5fdf5cb352', '0000000000ab8fd0b4a99a10d32d9aa82fed485a77582e777141b63a75bafa65', '', '%5B%22dd545c3072e757419d48a936f722eab8e2cb6b77bd98ae8afd7f88e415a68f27%22%5D')
try save transactions for block=11
Status: 200
Headers: {"date":"Sat, 10 Dec 2016 20:17:20 +0000","connection":"close","content-length":"271","content-type":"application/json","server":"ppcoin-json-rpc/v0.5.3ppc-beta"}
Status: 200
Headers: {"date":"Sat, 10 Dec 2016 20:17:20 +0000","connection":"close","content-length":"536","content-type":"application/json","server":"ppcoin-json-rpc/v0.5.3ppc-beta"}
INSERT INTO Transactions VALUES  ('0000000000e77017e94fa5d2b5915518fbd305677032fb53d762184bae4e08ea', '11', 'dd545c3072e757419d48a936f722eab8e2cb6b77bd98ae8afd7f88e415a68f27', '1345402555', '%5B%7B%22coinbase%22%3A%22043d37315002b300062f503253482f%22%2C%22sequence%22%3A4294967295%7D%5D', '%5B%7B%22value%22%3A2493.09%2C%22n%22%3A0%2C%22scriptPubKey%22%3A%7B%22asm%22%3A%2203688052431ab77e1164d186107e8335cd34e93ad73ae1c524e857500fbd6622bc%20OP_CHECKSIG%22%2C%22hex%22%3A%222103688052431ab77e1164d186107e8335cd34e93ad73ae1c524e857500fbd6622bcac%22%2C%22reqSigs%22%3A1%2C%22type%22%3A%22pubkey%22%2C%22addresses%22%3A%5B%22PJRLE7zanc9eQL477z6r1CWnBpRxPpxZbu%22%5D%7D%7D%5D')
INSERT INTO Address VALUES  ('PJRLE7zanc9eQL477z6r1CWnBpRxPpxZbudd545c3072e757419d48a936f722eab8e2cb6b77bd98ae8afd7f88e415a68f270', 'PJRLE7zanc9eQL477z6r1CWnBpRxPpxZbu', '%7B%22asm%22%3A%2203688052431ab77e1164d186107e8335cd34e93ad73ae1c524e857500fbd6622bc%20OP_CHECKSIG%22%2C%22hex%22%3A%222103688052431ab77e1164d186107e8335cd34e93ad73ae1c524e857500fbd6622bcac%22%2C%22reqSigs%22%3A1%2C%22type%22%3A%22pubkey%22%2C%22addresses%22%3A%5B%22PJRLE7zanc9eQL477z6r1CWnBpRxPpxZbu%22%5D%7D', '2493.09', 'dd545c3072e757419d48a936f722eab8e2cb6b77bd98ae8afd7f88e415a68f27', '0', '1345402555', '0', '11')
success: ForEachAsync (!array || !array.length)
Status: 200
Headers: {"date":"Sat, 10 Dec 2016 20:17:21 +0000","connection":"close","content-length":"107","content-type":"application/json","server":"ppcoin-json-rpc/v0.5.3ppc-beta"}
Status: 200
Headers: {"date":"Sat, 10 Dec 2016 20:17:21 +0000","connection":"close","content-length":"770","content-type":"application/json","server":"ppcoin-json-rpc/v0.5.3ppc-beta"}
INSERT INTO Blocks VALUES  ('0000000000ab8fd0b4a99a10d32d9aa82fed485a77582e777141b63a75bafa65', '266', '12', '1', '490576dc57d46cfd918c0fb2ca7b0290684290a95b6ab15a184206c6fda006d7', '2012-08-19%2019%3A00%3A00%20UTC', '2125833472', '1c00fce4', '259.14365153', '0000000000e77017e94fa5d2b5915518fbd305677032fb53d762184bae4e08ea', '00000000000e101c04535eb30b9a2f4ca9daa452b876bdc540798ef227913989', '', '%5B%22490576dc57d46cfd918c0fb2ca7b0290684290a95b6ab15a184206c6fda006d7%22%5D')
try save transactions for block=12
Status: 200
Headers: {"date":"Sat, 10 Dec 2016 20:17:21 +0000","connection":"close","content-length":"271","content-type":"application/json","server":"ppcoin-json-rpc/v0.5.3ppc-beta"}
Status: 200
Headers: {"date":"Sat, 10 Dec 2016 20:17:21 +0000","connection":"close","content-length":"536","content-type":"application/json","server":"ppcoin-json-rpc/v0.5.3ppc-beta"}
INSERT INTO Transactions VALUES  ('0000000000ab8fd0b4a99a10d32d9aa82fed485a77582e777141b63a75bafa65', '12', '490576dc57d46cfd918c0fb2ca7b0290684290a95b6ab15a184206c6fda006d7', '1345402699', '%5B%7B%22coinbase%22%3A%2204b037315002e202062f503253482f%22%2C%22sequence%22%3A4294967295%7D%5D', '%5B%7B%22value%22%3A2492.13%2C%22n%22%3A0%2C%22scriptPubKey%22%3A%7B%22asm%22%3A%22031d456fc3e34fffe6e5f6ad62b6e639ad32d9cde6db52b973d4bdc9e65cab7e38%20OP_CHECKSIG%22%2C%22hex%22%3A%2221031d456fc3e34fffe6e5f6ad62b6e639ad32d9cde6db52b973d4bdc9e65cab7e38ac%22%2C%22reqSigs%22%3A1%2C%22type%22%3A%22pubkey%22%2C%22addresses%22%3A%5B%22PNMt5j5wBk9UDwkCUw2TwPuEsKcH5oBxYS%22%5D%7D%7D%5D')
INSERT INTO Address VALUES  ('PNMt5j5wBk9UDwkCUw2TwPuEsKcH5oBxYS490576dc57d46cfd918c0fb2ca7b0290684290a95b6ab15a184206c6fda006d70', 'PNMt5j5wBk9UDwkCUw2TwPuEsKcH5oBxYS', '%7B%22asm%22%3A%22031d456fc3e34fffe6e5f6ad62b6e639ad32d9cde6db52b973d4bdc9e65cab7e38%20OP_CHECKSIG%22%2C%22hex%22%3A%2221031d456fc3e34fffe6e5f6ad62b6e639ad32d9cde6db52b973d4bdc9e65cab7e38ac%22%2C%22reqSigs%22%3A1%2C%22type%22%3A%22pubkey%22%2C%22addresses%22%3A%5B%22PNMt5j5wBk9UDwkCUw2TwPuEsKcH5oBxYS%22%5D%7D', '2492.13', '490576dc57d46cfd918c0fb2ca7b0290684290a95b6ab15a184206c6fda006d7', '0', '1345402699', '0', '12')
success: ForEachAsync (!array || !array.length)
Status: 200
Headers: {"date":"Sat, 10 Dec 2016 20:17:22 +0000","connection":"close","content-length":"107","content-type":"application/json","server":"ppcoin-json-rpc/v0.5.3ppc-beta"}
Status: 200
Headers: {"date":"Sat, 10 Dec 2016 20:17:22 +0000","connection":"close","content-length":"770","content-type":"application/json","server":"ppcoin-json-rpc/v0.5.3ppc-beta"}
INSERT INTO Blocks VALUES  ('00000000000e101c04535eb30b9a2f4ca9daa452b876bdc540798ef227913989', '266', '13', '1', '6f9c76f5e2d188c8d4e8411a89dd152ca94e6b1756aec6c4d12fcbf0450970f7', '2012-08-19%2019%3A00%3A23%20UTC', '1587272748', '1c00fc7c', '259.56061637', '0000000000ab8fd0b4a99a10d32d9aa82fed485a77582e777141b63a75bafa65', '00000000003890ece906d8b4ae77a39e30e5287d11ae74d1c364872ca2e74897', '', '%5B%226f9c76f5e2d188c8d4e8411a89dd152ca94e6b1756aec6c4d12fcbf0450970f7%22%5D')
try save transactions for block=13
Status: 200
Headers: {"date":"Sat, 10 Dec 2016 20:17:22 +0000","connection":"close","content-length":"269","content-type":"application/json","server":"ppcoin-json-rpc/v0.5.3ppc-beta"}
Status: 200
Headers: {"date":"Sat, 10 Dec 2016 20:17:23 +0000","connection":"close","content-length":"534","content-type":"application/json","server":"ppcoin-json-rpc/v0.5.3ppc-beta"}
INSERT INTO Transactions VALUES  ('00000000000e101c04535eb30b9a2f4ca9daa452b876bdc540798ef227913989', '13', '6f9c76f5e2d188c8d4e8411a89dd152ca94e6b1756aec6c4d12fcbf0450970f7', '1345402822', '%5B%7B%22coinbase%22%3A%2204c7373150012b062f503253482f%22%2C%22sequence%22%3A4294967295%7D%5D', '%5B%7B%22value%22%3A2491.13%2C%22n%22%3A0%2C%22scriptPubKey%22%3A%7B%22asm%22%3A%22023f1d48e141ca8e955a34929efdf99b312df67b41b3016158f45da533f8d33a76%20OP_CHECKSIG%22%2C%22hex%22%3A%2221023f1d48e141ca8e955a34929efdf99b312df67b41b3016158f45da533f8d33a76ac%22%2C%22reqSigs%22%3A1%2C%22type%22%3A%22pubkey%22%2C%22addresses%22%3A%5B%22PTZzqYCJDaMA7qp3LqK3j4rcA2BB21tdog%22%5D%7D%7D%5D')
INSERT INTO Address VALUES  ('PTZzqYCJDaMA7qp3LqK3j4rcA2BB21tdog6f9c76f5e2d188c8d4e8411a89dd152ca94e6b1756aec6c4d12fcbf0450970f70', 'PTZzqYCJDaMA7qp3LqK3j4rcA2BB21tdog', '%7B%22asm%22%3A%22023f1d48e141ca8e955a34929efdf99b312df67b41b3016158f45da533f8d33a76%20OP_CHECKSIG%22%2C%22hex%22%3A%2221023f1d48e141ca8e955a34929efdf99b312df67b41b3016158f45da533f8d33a76ac%22%2C%22reqSigs%22%3A1%2C%22type%22%3A%22pubkey%22%2C%22addresses%22%3A%5B%22PTZzqYCJDaMA7qp3LqK3j4rcA2BB21tdog%22%5D%7D', '2491.13', '6f9c76f5e2d188c8d4e8411a89dd152ca94e6b1756aec6c4d12fcbf0450970f7', '0', '1345402822', '0', '13')
success: ForEachAsync (!array || !array.length)
Status: 200
Headers: {"date":"Sat, 10 Dec 2016 20:17:23 +0000","connection":"close","content-length":"107","content-type":"application/json","server":"ppcoin-json-rpc/v0.5.3ppc-beta"}
Status: 200
Headers: {"date":"Sat, 10 Dec 2016 20:17:23 +0000","connection":"close","content-length":"769","content-type":"application/json","server":"ppcoin-json-rpc/v0.5.3ppc-beta"}
INSERT INTO Blocks VALUES  ('00000000003890ece906d8b4ae77a39e30e5287d11ae74d1c364872ca2e74897', '267', '14', '1', '1fe751273c7ea992463d8860e05c96a2475fd5f6ee172b74540bd773df4b48e8', '2012-08-19%2019%3A01%3A26%20UTC', '250372128', '1c00fc00', '260.05952381', '00000000000e101c04535eb30b9a2f4ca9daa452b876bdc540798ef227913989', '0000000000128eec61917dae62e075e1a1cd4225ff4263174f9237c7c4e3dbc7', '', '%5B%221fe751273c7ea992463d8860e05c96a2475fd5f6ee172b74540bd773df4b48e8%22%5D')
try save transactions for block=14
Status: 200
Headers: {"date":"Sat, 10 Dec 2016 20:17:24 +0000","connection":"close","content-length":"271","content-type":"application/json","server":"ppcoin-json-rpc/v0.5.3ppc-beta"}
Status: 200
Headers: {"date":"Sat, 10 Dec 2016 20:17:24 +0000","connection":"close","content-length":"536","content-type":"application/json","server":"ppcoin-json-rpc/v0.5.3ppc-beta"}
INSERT INTO Transactions VALUES  ('00000000003890ece906d8b4ae77a39e30e5287d11ae74d1c364872ca2e74897', '14', '1fe751273c7ea992463d8860e05c96a2475fd5f6ee172b74540bd773df4b48e8', '1345402874', '%5B%7B%22coinbase%22%3A%220406383150028c01062f503253482f%22%2C%22sequence%22%3A4294967295%7D%5D', '%5B%7B%22value%22%3A2489.94%2C%22n%22%3A0%2C%22scriptPubKey%22%3A%7B%22asm%22%3A%2202988799ab3682dff53ba465c1e30d30b8fb530c9d8574938676c039e4c9a1d65a%20OP_CHECKSIG%22%2C%22hex%22%3A%222102988799ab3682dff53ba465c1e30d30b8fb530c9d8574938676c039e4c9a1d65aac%22%2C%22reqSigs%22%3A1%2C%22type%22%3A%22pubkey%22%2C%22addresses%22%3A%5B%22P9tYMKfVRAPo5qnsdVswH9b2h4RpdB9SVb%22%5D%7D%7D%5D')
INSERT INTO Address VALUES  ('P9tYMKfVRAPo5qnsdVswH9b2h4RpdB9SVb1fe751273c7ea992463d8860e05c96a2475fd5f6ee172b74540bd773df4b48e80', 'P9tYMKfVRAPo5qnsdVswH9b2h4RpdB9SVb', '%7B%22asm%22%3A%2202988799ab3682dff53ba465c1e30d30b8fb530c9d8574938676c039e4c9a1d65a%20OP_CHECKSIG%22%2C%22hex%22%3A%222102988799ab3682dff53ba465c1e30d30b8fb530c9d8574938676c039e4c9a1d65aac%22%2C%22reqSigs%22%3A1%2C%22type%22%3A%22pubkey%22%2C%22addresses%22%3A%5B%22P9tYMKfVRAPo5qnsdVswH9b2h4RpdB9SVb%22%5D%7D', '2489.94', '1fe751273c7ea992463d8860e05c96a2475fd5f6ee172b74540bd773df4b48e8', '0', '1345402874', '0', '14')
success: ForEachAsync (!array || !array.length)
Status: 200
Headers: {"date":"Sat, 10 Dec 2016 20:17:24 +0000","connection":"close","content-length":"107","content-type":"application/json","server":"ppcoin-json-rpc/v0.5.3ppc-beta"}
Status: 200
Headers: {"date":"Sat, 10 Dec 2016 20:17:25 +0000","connection":"close","content-length":"770","content-type":"application/json","server":"ppcoin-json-rpc/v0.5.3ppc-beta"}
INSERT INTO Blocks VALUES  ('0000000000128eec61917dae62e075e1a1cd4225ff4263174f9237c7c4e3dbc7', '267', '15', '1', '5cdfc00faa6f603f935468c51c5ca5780c91015e4d863fb6e2b4a89e09568088', '2012-08-19%2019%3A10%3A47%20UTC', '3504269979', '1c00fb8d', '260.52393745', '00000000003890ece906d8b4ae77a39e30e5287d11ae74d1c364872ca2e74897', '0000000000149da580e6b2967298517e48d290b86f38fc320e529c53f6587f0a', '', '%5B%225cdfc00faa6f603f935468c51c5ca5780c91015e4d863fb6e2b4a89e09568088%22%5D')
try save transactions for block=15
Status: 200
Headers: {"date":"Sat, 10 Dec 2016 20:17:25 +0000","connection":"close","content-length":"271","content-type":"application/json","server":"ppcoin-json-rpc/v0.5.3ppc-beta"}
Status: 200
Headers: {"date":"Sat, 10 Dec 2016 20:17:25 +0000","connection":"close","content-length":"536","content-type":"application/json","server":"ppcoin-json-rpc/v0.5.3ppc-beta"}
INSERT INTO Transactions VALUES  ('0000000000128eec61917dae62e075e1a1cd4225ff4263174f9237c7c4e3dbc7', '15', '5cdfc00faa6f603f935468c51c5ca5780c91015e4d863fb6e2b4a89e09568088', '1345402894', '%5B%7B%22coinbase%22%3A%2204373a3150024002062f503253482f%22%2C%22sequence%22%3A4294967295%7D%5D', '%5B%7B%22value%22%3A2488.82%2C%22n%22%3A0%2C%22scriptPubKey%22%3A%7B%22asm%22%3A%2202988799ab3682dff53ba465c1e30d30b8fb530c9d8574938676c039e4c9a1d65a%20OP_CHECKSIG%22%2C%22hex%22%3A%222102988799ab3682dff53ba465c1e30d30b8fb530c9d8574938676c039e4c9a1d65aac%22%2C%22reqSigs%22%3A1%2C%22type%22%3A%22pubkey%22%2C%22addresses%22%3A%5B%22P9tYMKfVRAPo5qnsdVswH9b2h4RpdB9SVb%22%5D%7D%7D%5D')
INSERT INTO Address VALUES  ('P9tYMKfVRAPo5qnsdVswH9b2h4RpdB9SVb5cdfc00faa6f603f935468c51c5ca5780c91015e4d863fb6e2b4a89e095680880', 'P9tYMKfVRAPo5qnsdVswH9b2h4RpdB9SVb', '%7B%22asm%22%3A%2202988799ab3682dff53ba465c1e30d30b8fb530c9d8574938676c039e4c9a1d65a%20OP_CHECKSIG%22%2C%22hex%22%3A%222102988799ab3682dff53ba465c1e30d30b8fb530c9d8574938676c039e4c9a1d65aac%22%2C%22reqSigs%22%3A1%2C%22type%22%3A%22pubkey%22%2C%22addresses%22%3A%5B%22P9tYMKfVRAPo5qnsdVswH9b2h4RpdB9SVb%22%5D%7D', '2488.82', '5cdfc00faa6f603f935468c51c5ca5780c91015e4d863fb6e2b4a89e09568088', '0', '1345402894', '0', '15')
success: ForEachAsync (!array || !array.length)
Status: 200
Headers: {"date":"Sat, 10 Dec 2016 20:17:26 +0000","connection":"close","content-length":"107","content-type":"application/json","server":"ppcoin-json-rpc/v0.5.3ppc-beta"}
Status: 200
Headers: {"date":"Sat, 10 Dec 2016 20:17:26 +0000","connection":"close","content-length":"770","content-type":"application/json","server":"ppcoin-json-rpc/v0.5.3ppc-beta"}
INSERT INTO Blocks VALUES  ('0000000000149da580e6b2967298517e48d290b86f38fc320e529c53f6587f0a', '266', '16', '1', 'bc9f9fcea219b5069502f0b7f13b00f5e73488456a7ed149d866a087556bb236', '2012-08-19%2019%3A11%3A06%20UTC', '3878208384', '1c00fb84', '260.56035286', '0000000000128eec61917dae62e075e1a1cd4225ff4263174f9237c7c4e3dbc7', '0000000000f83b9f99c035ab6f9aa861a9bbe90b2e36dfb39f24662c7ec4396b', '', '%5B%22bc9f9fcea219b5069502f0b7f13b00f5e73488456a7ed149d866a087556bb236%22%5D')
try save transactions for block=16
Status: 200
Headers: {"date":"Sat, 10 Dec 2016 20:17:26 +0000","connection":"close","content-length":"271","content-type":"application/json","server":"ppcoin-json-rpc/v0.5.3ppc-beta"}
Status: 200
Headers: {"date":"Sat, 10 Dec 2016 20:17:26 +0000","connection":"close","content-length":"536","content-type":"application/json","server":"ppcoin-json-rpc/v0.5.3ppc-beta"}
INSERT INTO Transactions VALUES  ('0000000000149da580e6b2967298517e48d290b86f38fc320e529c53f6587f0a', '16', 'bc9f9fcea219b5069502f0b7f13b00f5e73488456a7ed149d866a087556bb236', '1345403466', '%5B%7B%22coinbase%22%3A%22044a3a3150027709062f503253482f%22%2C%22sequence%22%3A4294967295%7D%5D', '%5B%7B%22value%22%3A2488.74%2C%22n%22%3A0%2C%22scriptPubKey%22%3A%7B%22asm%22%3A%220399792c3b9c66124bd0c9527eceda6bd3b2cf73a7e41ffd8ce5a443b6e91d7c01%20OP_CHECKSIG%22%2C%22hex%22%3A%22210399792c3b9c66124bd0c9527eceda6bd3b2cf73a7e41ffd8ce5a443b6e91d7c01ac%22%2C%22reqSigs%22%3A1%2C%22type%22%3A%22pubkey%22%2C%22addresses%22%3A%5B%22PBMN1yUSoRuaotjQRWjyk6mDRibjPuzigw%22%5D%7D%7D%5D')
INSERT INTO Address VALUES  ('PBMN1yUSoRuaotjQRWjyk6mDRibjPuzigwbc9f9fcea219b5069502f0b7f13b00f5e73488456a7ed149d866a087556bb2360', 'PBMN1yUSoRuaotjQRWjyk6mDRibjPuzigw', '%7B%22asm%22%3A%220399792c3b9c66124bd0c9527eceda6bd3b2cf73a7e41ffd8ce5a443b6e91d7c01%20OP_CHECKSIG%22%2C%22hex%22%3A%22210399792c3b9c66124bd0c9527eceda6bd3b2cf73a7e41ffd8ce5a443b6e91d7c01ac%22%2C%22reqSigs%22%3A1%2C%22type%22%3A%22pubkey%22%2C%22addresses%22%3A%5B%22PBMN1yUSoRuaotjQRWjyk6mDRibjPuzigw%22%5D%7D', '2488.74', 'bc9f9fcea219b5069502f0b7f13b00f5e73488456a7ed149d866a087556bb236', '0', '1345403466', '0', '16')
success: ForEachAsync (!array || !array.length)
Status: 200
Headers: {"date":"Sat, 10 Dec 2016 20:17:27 +0000","connection":"close","content-length":"107","content-type":"application/json","server":"ppcoin-json-rpc/v0.5.3ppc-beta"}
Status: 200
Headers: {"date":"Sat, 10 Dec 2016 20:17:27 +0000","connection":"close","content-length":"43","content-type":"application/json","server":"ppcoin-json-rpc/v0.5.3ppc-beta"}
Status: 200
Headers: {"date":"Sat, 10 Dec 2016 20:17:27 +0000","connection":"close","content-length":"770","content-type":"application/json","server":"ppcoin-json-rpc/v0.5.3ppc-beta"}
INSERT INTO Blocks VALUES  ('0000000000f83b9f99c035ab6f9aa861a9bbe90b2e36dfb39f24662c7ec4396b', '267', '17', '1', '85c30e9a8371acc9868be7d74e04428817b8a8935f47f251aeb09f2b33bd4b59', '2012-08-19%2019%3A11%3A24%20UTC', '2607045516', '1c00fb08', '261.06311465', '0000000000149da580e6b2967298517e48d290b86f38fc320e529c53f6587f0a', '0000000000da3c6b039b31683fc34e6cc3bab1f8650f7884541b76890ae70e11', '', '%5B%2285c30e9a8371acc9868be7d74e04428817b8a8935f47f251aeb09f2b33bd4b59%22%5D')
try save transactions for block=17
Status: 200
Headers: {"date":"Sat, 10 Dec 2016 20:17:27 +0000","connection":"close","content-length":"271","content-type":"application/json","server":"ppcoin-json-rpc/v0.5.3ppc-beta"}
Status: 200
Headers: {"date":"Sat, 10 Dec 2016 20:17:28 +0000","connection":"close","content-length":"536","content-type":"application/json","server":"ppcoin-json-rpc/v0.5.3ppc-beta"}
INSERT INTO Transactions VALUES  ('0000000000f83b9f99c035ab6f9aa861a9bbe90b2e36dfb39f24662c7ec4396b', '17', '85c30e9a8371acc9868be7d74e04428817b8a8935f47f251aeb09f2b33bd4b59', '1345403482', '%5B%7B%22coinbase%22%3A%22045c3a3150028e07062f503253482f%22%2C%22sequence%22%3A4294967295%7D%5D', '%5B%7B%22value%22%3A2487.54%2C%22n%22%3A0%2C%22scriptPubKey%22%3A%7B%22asm%22%3A%2202e5d9735f12cc4adfce708445c9e109dc945a135377bddf6a6f856757c88eecb3%20OP_CHECKSIG%22%2C%22hex%22%3A%222102e5d9735f12cc4adfce708445c9e109dc945a135377bddf6a6f856757c88eecb3ac%22%2C%22reqSigs%22%3A1%2C%22type%22%3A%22pubkey%22%2C%22addresses%22%3A%5B%22P9AqJKeEe9Y8e9j4zF88mzD7gm5UG928iP%22%5D%7D%7D%5D')
INSERT INTO Address VALUES  ('P9AqJKeEe9Y8e9j4zF88mzD7gm5UG928iP85c30e9a8371acc9868be7d74e04428817b8a8935f47f251aeb09f2b33bd4b590', 'P9AqJKeEe9Y8e9j4zF88mzD7gm5UG928iP', '%7B%22asm%22%3A%2202e5d9735f12cc4adfce708445c9e109dc945a135377bddf6a6f856757c88eecb3%20OP_CHECKSIG%22%2C%22hex%22%3A%222102e5d9735f12cc4adfce708445c9e109dc945a135377bddf6a6f856757c88eecb3ac%22%2C%22reqSigs%22%3A1%2C%22type%22%3A%22pubkey%22%2C%22addresses%22%3A%5B%22P9AqJKeEe9Y8e9j4zF88mzD7gm5UG928iP%22%5D%7D', '2487.54', '85c30e9a8371acc9868be7d74e04428817b8a8935f47f251aeb09f2b33bd4b59', '0', '1345403482', '0', '17')
success: ForEachAsync (!array || !array.length)
Status: 200
Headers: {"date":"Sat, 10 Dec 2016 20:17:28 +0000","connection":"close","content-length":"107","content-type":"application/json","server":"ppcoin-json-rpc/v0.5.3ppc-beta"}
Status: 200
Headers: {"date":"Sat, 10 Dec 2016 20:17:28 +0000","connection":"close","content-length":"769","content-type":"application/json","server":"ppcoin-json-rpc/v0.5.3ppc-beta"}
INSERT INTO Blocks VALUES  ('0000000000da3c6b039b31683fc34e6cc3bab1f8650f7884541b76890ae70e11', '266', '18', '1', 'e54fc101705d3c9dd8c381f71533d6b49c45fbc391cd3553650b8da7df287f4e', '2012-08-19%2019%3A13%3A35%20UTC', '791487618', '1c00fa8c', '261.56782039', '0000000000f83b9f99c035ab6f9aa861a9bbe90b2e36dfb39f24662c7ec4396b', '000000000064baec1169af90044fb5e5b2dd9e420cb51a9e53c4edfa0ebc6870', '', '%5B%22e54fc101705d3c9dd8c381f71533d6b49c45fbc391cd3553650b8da7df287f4e%22%5D')
try save transactions for block=18
Status: 200
Headers: {"date":"Sat, 10 Dec 2016 20:17:29 +0000","connection":"close","content-length":"271","content-type":"application/json","server":"ppcoin-json-rpc/v0.5.3ppc-beta"}
Status: 200
Headers: {"date":"Sat, 10 Dec 2016 20:17:29 +0000","connection":"close","content-length":"536","content-type":"application/json","server":"ppcoin-json-rpc/v0.5.3ppc-beta"}
INSERT INTO Transactions VALUES  ('0000000000da3c6b039b31683fc34e6cc3bab1f8650f7884541b76890ae70e11', '18', 'e54fc101705d3c9dd8c381f71533d6b49c45fbc391cd3553650b8da7df287f4e', '1345403487', '%5B%7B%22coinbase%22%3A%2204df3a3150023e01062f503253482f%22%2C%22sequence%22%3A4294967295%7D%5D', '%5B%7B%22value%22%3A2486.34%2C%22n%22%3A0%2C%22scriptPubKey%22%3A%7B%22asm%22%3A%2202e5d9735f12cc4adfce708445c9e109dc945a135377bddf6a6f856757c88eecb3%20OP_CHECKSIG%22%2C%22hex%22%3A%222102e5d9735f12cc4adfce708445c9e109dc945a135377bddf6a6f856757c88eecb3ac%22%2C%22reqSigs%22%3A1%2C%22type%22%3A%22pubkey%22%2C%22addresses%22%3A%5B%22P9AqJKeEe9Y8e9j4zF88mzD7gm5UG928iP%22%5D%7D%7D%5D')
INSERT INTO Address VALUES  ('P9AqJKeEe9Y8e9j4zF88mzD7gm5UG928iPe54fc101705d3c9dd8c381f71533d6b49c45fbc391cd3553650b8da7df287f4e0', 'P9AqJKeEe9Y8e9j4zF88mzD7gm5UG928iP', '%7B%22asm%22%3A%2202e5d9735f12cc4adfce708445c9e109dc945a135377bddf6a6f856757c88eecb3%20OP_CHECKSIG%22%2C%22hex%22%3A%222102e5d9735f12cc4adfce708445c9e109dc945a135377bddf6a6f856757c88eecb3ac%22%2C%22reqSigs%22%3A1%2C%22type%22%3A%22pubkey%22%2C%22addresses%22%3A%5B%22P9AqJKeEe9Y8e9j4zF88mzD7gm5UG928iP%22%5D%7D', '2486.34', 'e54fc101705d3c9dd8c381f71533d6b49c45fbc391cd3553650b8da7df287f4e', '0', '1345403487', '0', '18')
success: ForEachAsync (!array || !array.length)
Status: 200
Headers: {"date":"Sat, 10 Dec 2016 20:17:29 +0000","connection":"close","content-length":"107","content-type":"application/json","server":"ppcoin-json-rpc/v0.5.3ppc-beta"}
Status: 200
Headers: {"date":"Sat, 10 Dec 2016 20:17:30 +0000","connection":"close","content-length":"769","content-type":"application/json","server":"ppcoin-json-rpc/v0.5.3ppc-beta"}
INSERT INTO Blocks VALUES  ('000000000064baec1169af90044fb5e5b2dd9e420cb51a9e53c4edfa0ebc6870', '267', '19', '1', 'dce0c4e8b3bff7e71257526c65fabe04f277a5db929acd0479026ce4ef404028', '2012-08-19%2019%3A16%3A44%20UTC', '867496974', '1c00fa28', '261.97626483', '0000000000da3c6b039b31683fc34e6cc3bab1f8650f7884541b76890ae70e11', '0000000000e5b038a09cedb0e09c63793785375f0308fc7877e8406cb607e8b5', '', '%5B%22dce0c4e8b3bff7e71257526c65fabe04f277a5db929acd0479026ce4ef404028%22%5D')
try save transactions for block=19
Status: 200
Headers: {"date":"Sat, 10 Dec 2016 20:17:30 +0000","connection":"close","content-length":"271","content-type":"application/json","server":"ppcoin-json-rpc/v0.5.3ppc-beta"}
Status: 200
Headers: {"date":"Sat, 10 Dec 2016 20:17:30 +0000","connection":"close","content-length":"536","content-type":"application/json","server":"ppcoin-json-rpc/v0.5.3ppc-beta"}
INSERT INTO Transactions VALUES  ('000000000064baec1169af90044fb5e5b2dd9e420cb51a9e53c4edfa0ebc6870', '19', 'dce0c4e8b3bff7e71257526c65fabe04f277a5db929acd0479026ce4ef404028', '1345403616', '%5B%7B%22coinbase%22%3A%22049c3b315002c901062f503253482f%22%2C%22sequence%22%3A4294967295%7D%5D', '%5B%7B%22value%22%3A2485.37%2C%22n%22%3A0%2C%22scriptPubKey%22%3A%7B%22asm%22%3A%2202e5d9735f12cc4adfce708445c9e109dc945a135377bddf6a6f856757c88eecb3%20OP_CHECKSIG%22%2C%22hex%22%3A%222102e5d9735f12cc4adfce708445c9e109dc945a135377bddf6a6f856757c88eecb3ac%22%2C%22reqSigs%22%3A1%2C%22type%22%3A%22pubkey%22%2C%22addresses%22%3A%5B%22P9AqJKeEe9Y8e9j4zF88mzD7gm5UG928iP%22%5D%7D%7D%5D')
INSERT INTO Address VALUES  ('P9AqJKeEe9Y8e9j4zF88mzD7gm5UG928iPdce0c4e8b3bff7e71257526c65fabe04f277a5db929acd0479026ce4ef4040280', 'P9AqJKeEe9Y8e9j4zF88mzD7gm5UG928iP', '%7B%22asm%22%3A%2202e5d9735f12cc4adfce708445c9e109dc945a135377bddf6a6f856757c88eecb3%20OP_CHECKSIG%22%2C%22hex%22%3A%222102e5d9735f12cc4adfce708445c9e109dc945a135377bddf6a6f856757c88eecb3ac%22%2C%22reqSigs%22%3A1%2C%22type%22%3A%22pubkey%22%2C%22addresses%22%3A%5B%22P9AqJKeEe9Y8e9j4zF88mzD7gm5UG928iP%22%5D%7D', '2485.37', 'dce0c4e8b3bff7e71257526c65fabe04f277a5db929acd0479026ce4ef404028', '0', '1345403616', '0', '19')
success: ForEachAsync (!array || !array.length)
Status: 200
Headers: {"date":"Sat, 10 Dec 2016 20:17:30 +0000","connection":"close","content-length":"107","content-type":"application/json","server":"ppcoin-json-rpc/v0.5.3ppc-beta"}
Status: 200
Headers: {"date":"Sat, 10 Dec 2016 20:17:31 +0000","connection":"close","content-length":"770","content-type":"application/json","server":"ppcoin-json-rpc/v0.5.3ppc-beta"}
INSERT INTO Blocks VALUES  ('0000000000e5b038a09cedb0e09c63793785375f0308fc7877e8406cb607e8b5', '267', '20', '1', '9a7b309b1c92a3857fc26fa672b7a4d37206a7a0a54f86ae4c988c126b3198d3', '2012-08-19%2019%3A19%3A06%20UTC', '2302617320', '1c00f9d1', '262.33265054', '000000000064baec1169af90044fb5e5b2dd9e420cb51a9e53c4edfa0ebc6870', '0000000000f5f83d5c6102b2ba46aeffd96126373e3fde2579517b0fe67d3e24', '', '%5B%229a7b309b1c92a3857fc26fa672b7a4d37206a7a0a54f86ae4c988c126b3198d3%22%5D')
try save transactions for block=20
Status: 200
Headers: {"date":"Sat, 10 Dec 2016 20:17:31 +0000","connection":"close","content-length":"269","content-type":"application/json","server":"ppcoin-json-rpc/v0.5.3ppc-beta"}
Status: 200
Headers: {"date":"Sat, 10 Dec 2016 20:17:31 +0000","connection":"close","content-length":"534","content-type":"application/json","server":"ppcoin-json-rpc/v0.5.3ppc-beta"}
INSERT INTO Transactions VALUES  ('0000000000e5b038a09cedb0e09c63793785375f0308fc7877e8406cb607e8b5', '20', '9a7b309b1c92a3857fc26fa672b7a4d37206a7a0a54f86ae4c988c126b3198d3', '1345403946', '%5B%7B%22coinbase%22%3A%22042a3c3150017c062f503253482f%22%2C%22sequence%22%3A4294967295%7D%5D', '%5B%7B%22value%22%3A2484.52%2C%22n%22%3A0%2C%22scriptPubKey%22%3A%7B%22asm%22%3A%22023f1d48e141ca8e955a34929efdf99b312df67b41b3016158f45da533f8d33a76%20OP_CHECKSIG%22%2C%22hex%22%3A%2221023f1d48e141ca8e955a34929efdf99b312df67b41b3016158f45da533f8d33a76ac%22%2C%22reqSigs%22%3A1%2C%22type%22%3A%22pubkey%22%2C%22addresses%22%3A%5B%22PTZzqYCJDaMA7qp3LqK3j4rcA2BB21tdog%22%5D%7D%7D%5D')
INSERT INTO Address VALUES  ('PTZzqYCJDaMA7qp3LqK3j4rcA2BB21tdog9a7b309b1c92a3857fc26fa672b7a4d37206a7a0a54f86ae4c988c126b3198d30', 'PTZzqYCJDaMA7qp3LqK3j4rcA2BB21tdog', '%7B%22asm%22%3A%22023f1d48e141ca8e955a34929efdf99b312df67b41b3016158f45da533f8d33a76%20OP_CHECKSIG%22%2C%22hex%22%3A%2221023f1d48e141ca8e955a34929efdf99b312df67b41b3016158f45da533f8d33a76ac%22%2C%22reqSigs%22%3A1%2C%22type%22%3A%22pubkey%22%2C%22addresses%22%3A%5B%22PTZzqYCJDaMA7qp3LqK3j4rcA2BB21tdog%22%5D%7D', '2484.52', '9a7b309b1c92a3857fc26fa672b7a4d37206a7a0a54f86ae4c988c126b3198d3', '0', '1345403946', '0', '20')
success: ForEachAsync (!array || !array.length)
Status: 200
Headers: {"date":"Sat, 10 Dec 2016 20:17:32 +0000","connection":"close","content-length":"107","content-type":"application/json","server":"ppcoin-json-rpc/v0.5.3ppc-beta"}
Status: 200
Headers: {"date":"Sat, 10 Dec 2016 20:17:32 +0000","connection":"close","content-length":"770","content-type":"application/json","server":"ppcoin-json-rpc/v0.5.3ppc-beta"}
INSERT INTO Blocks VALUES  ('0000000000f5f83d5c6102b2ba46aeffd96126373e3fde2579517b0fe67d3e24', '266', '21', '1', '916594238f4c64c04c36232d7a6d2caacb423ad8b1f0a6a3eccc615d9494adee', '2012-08-19%2019%3A20%3A30%20UTC', '3874222219', '1c00f970', '262.73114508', '0000000000e5b038a09cedb0e09c63793785375f0308fc7877e8406cb607e8b5', '00000000004446ae85fc3be127113de61febe47ccdb6242189015c61039d8524', '', '%5B%22916594238f4c64c04c36232d7a6d2caacb423ad8b1f0a6a3eccc615d9494adee%22%5D')
try save transactions for block=21
Status: 200
Headers: {"date":"Sat, 10 Dec 2016 20:17:32 +0000","connection":"close","content-length":"269","content-type":"application/json","server":"ppcoin-json-rpc/v0.5.3ppc-beta"}
Status: 200
Headers: {"date":"Sat, 10 Dec 2016 20:17:33 +0000","connection":"close","content-length":"534","content-type":"application/json","server":"ppcoin-json-rpc/v0.5.3ppc-beta"}
INSERT INTO Transactions VALUES  ('0000000000f5f83d5c6102b2ba46aeffd96126373e3fde2579517b0fe67d3e24', '21', '916594238f4c64c04c36232d7a6d2caacb423ad8b1f0a6a3eccc615d9494adee', '1345403990', '%5B%7B%22coinbase%22%3A%22047e3c31500119062f503253482f%22%2C%22sequence%22%3A4294967295%7D%5D', '%5B%7B%22value%22%3A2483.58%2C%22n%22%3A0%2C%22scriptPubKey%22%3A%7B%22asm%22%3A%22031d456fc3e34fffe6e5f6ad62b6e639ad32d9cde6db52b973d4bdc9e65cab7e38%20OP_CHECKSIG%22%2C%22hex%22%3A%2221031d456fc3e34fffe6e5f6ad62b6e639ad32d9cde6db52b973d4bdc9e65cab7e38ac%22%2C%22reqSigs%22%3A1%2C%22type%22%3A%22pubkey%22%2C%22addresses%22%3A%5B%22PNMt5j5wBk9UDwkCUw2TwPuEsKcH5oBxYS%22%5D%7D%7D%5D')
INSERT INTO Address VALUES  ('PNMt5j5wBk9UDwkCUw2TwPuEsKcH5oBxYS916594238f4c64c04c36232d7a6d2caacb423ad8b1f0a6a3eccc615d9494adee0', 'PNMt5j5wBk9UDwkCUw2TwPuEsKcH5oBxYS', '%7B%22asm%22%3A%22031d456fc3e34fffe6e5f6ad62b6e639ad32d9cde6db52b973d4bdc9e65cab7e38%20OP_CHECKSIG%22%2C%22hex%22%3A%2221031d456fc3e34fffe6e5f6ad62b6e639ad32d9cde6db52b973d4bdc9e65cab7e38ac%22%2C%22reqSigs%22%3A1%2C%22type%22%3A%22pubkey%22%2C%22addresses%22%3A%5B%22PNMt5j5wBk9UDwkCUw2TwPuEsKcH5oBxYS%22%5D%7D', '2483.58', '916594238f4c64c04c36232d7a6d2caacb423ad8b1f0a6a3eccc615d9494adee', '0', '1345403990', '0', '21')
success: ForEachAsync (!array || !array.length)
Status: 200
Headers: {"date":"Sat, 10 Dec 2016 20:17:33 +0000","connection":"close","content-length":"107","content-type":"application/json","server":"ppcoin-json-rpc/v0.5.3ppc-beta"}
Status: 200
Headers: {"date":"Sat, 10 Dec 2016 20:17:33 +0000","connection":"close","content-length":"770","content-type":"application/json","server":"ppcoin-json-rpc/v0.5.3ppc-beta"}
INSERT INTO Blocks VALUES  ('00000000004446ae85fc3be127113de61febe47ccdb6242189015c61039d8524', '268', '22', '1', '1e3454522d80c9b5fe8cbfe94e6044b307e6ebb8161d7d61ed4dfadffc36f50a', '2012-08-19%2019%3A24%3A16%20UTC', '2632136721', '1c00f903', '263.18038496', '0000000000f5f83d5c6102b2ba46aeffd96126373e3fde2579517b0fe67d3e24', '00000000002a0fe2dbf3bb05e07c998145faa748f8905ad2c7da842bfcd2e60a', '', '%5B%221e3454522d80c9b5fe8cbfe94e6044b307e6ebb8161d7d61ed4dfadffc36f50a%22%5D')
try save transactions for block=22
Status: 200
Headers: {"date":"Sat, 10 Dec 2016 20:17:33 +0000","connection":"close","content-length":"271","content-type":"application/json","server":"ppcoin-json-rpc/v0.5.3ppc-beta"}
Status: 200
Headers: {"date":"Sat, 10 Dec 2016 20:17:34 +0000","connection":"close","content-length":"536","content-type":"application/json","server":"ppcoin-json-rpc/v0.5.3ppc-beta"}
INSERT INTO Transactions VALUES  ('00000000004446ae85fc3be127113de61febe47ccdb6242189015c61039d8524', '22', '1e3454522d80c9b5fe8cbfe94e6044b307e6ebb8161d7d61ed4dfadffc36f50a', '1345404034', '%5B%7B%22coinbase%22%3A%2204603d3150024504062f503253482f%22%2C%22sequence%22%3A4294967295%7D%5D', '%5B%7B%22value%22%3A2482.52%2C%22n%22%3A0%2C%22scriptPubKey%22%3A%7B%22asm%22%3A%2202e5d9735f12cc4adfce708445c9e109dc945a135377bddf6a6f856757c88eecb3%20OP_CHECKSIG%22%2C%22hex%22%3A%222102e5d9735f12cc4adfce708445c9e109dc945a135377bddf6a6f856757c88eecb3ac%22%2C%22reqSigs%22%3A1%2C%22type%22%3A%22pubkey%22%2C%22addresses%22%3A%5B%22P9AqJKeEe9Y8e9j4zF88mzD7gm5UG928iP%22%5D%7D%7D%5D')
INSERT INTO Address VALUES  ('P9AqJKeEe9Y8e9j4zF88mzD7gm5UG928iP1e3454522d80c9b5fe8cbfe94e6044b307e6ebb8161d7d61ed4dfadffc36f50a0', 'P9AqJKeEe9Y8e9j4zF88mzD7gm5UG928iP', '%7B%22asm%22%3A%2202e5d9735f12cc4adfce708445c9e109dc945a135377bddf6a6f856757c88eecb3%20OP_CHECKSIG%22%2C%22hex%22%3A%222102e5d9735f12cc4adfce708445c9e109dc945a135377bddf6a6f856757c88eecb3ac%22%2C%22reqSigs%22%3A1%2C%22type%22%3A%22pubkey%22%2C%22addresses%22%3A%5B%22P9AqJKeEe9Y8e9j4zF88mzD7gm5UG928iP%22%5D%7D', '2482.52', '1e3454522d80c9b5fe8cbfe94e6044b307e6ebb8161d7d61ed4dfadffc36f50a', '0', '1345404034', '0', '22')
success: ForEachAsync (!array || !array.length)
Status: 200
Headers: {"date":"Sat, 10 Dec 2016 20:17:34 +0000","connection":"close","content-length":"107","content-type":"application/json","server":"ppcoin-json-rpc/v0.5.3ppc-beta"}
Status: 200
Headers: {"date":"Sat, 10 Dec 2016 20:17:34 +0000","connection":"close","content-length":"769","content-type":"application/json","server":"ppcoin-json-rpc/v0.5.3ppc-beta"}
INSERT INTO Blocks VALUES  ('00000000002a0fe2dbf3bb05e07c998145faa748f8905ad2c7da842bfcd2e60a', '268', '23', '1', 'a8719a33c2baf7e0f5554ac1e83a96edf9776383cd390398f68cca2907edca79', '2012-08-19%2019%3A24%3A21%20UTC', '380850449', '1c00f8b4', '263.50694226', '00000000004446ae85fc3be127113de61febe47ccdb6242189015c61039d8524', '000000000053b0ab6baa4f164774ae1ac79484d65cfdbf2e60a28fbe0039b528', '', '%5B%22a8719a33c2baf7e0f5554ac1e83a96edf9776383cd390398f68cca2907edca79%22%5D')
try save transactions for block=23
Status: 200
Headers: {"date":"Sat, 10 Dec 2016 20:17:35 +0000","connection":"close","content-length":"271","content-type":"application/json","server":"ppcoin-json-rpc/v0.5.3ppc-beta"}
Status: 200
Headers: {"date":"Sat, 10 Dec 2016 20:17:35 +0000","connection":"close","content-length":"536","content-type":"application/json","server":"ppcoin-json-rpc/v0.5.3ppc-beta"}
INSERT INTO Transactions VALUES  ('00000000002a0fe2dbf3bb05e07c998145faa748f8905ad2c7da842bfcd2e60a', '23', 'a8719a33c2baf7e0f5554ac1e83a96edf9776383cd390398f68cca2907edca79', '1345404260', '%5B%7B%22coinbase%22%3A%2204653d3150028904062f503253482f%22%2C%22sequence%22%3A4294967295%7D%5D', '%5B%7B%22value%22%3A2481.75%2C%22n%22%3A0%2C%22scriptPubKey%22%3A%7B%22asm%22%3A%220327d06b4e35a16e0997a61260f5d1ceee289f2e7bc4f9fdc4f80bfb656ee6eaf2%20OP_CHECKSIG%22%2C%22hex%22%3A%22210327d06b4e35a16e0997a61260f5d1ceee289f2e7bc4f9fdc4f80bfb656ee6eaf2ac%22%2C%22reqSigs%22%3A1%2C%22type%22%3A%22pubkey%22%2C%22addresses%22%3A%5B%22PEgCZfAgzzLbPHmtNrTgZV6XKWqWQJYrLn%22%5D%7D%7D%5D')
INSERT INTO Address VALUES  ('PEgCZfAgzzLbPHmtNrTgZV6XKWqWQJYrLna8719a33c2baf7e0f5554ac1e83a96edf9776383cd390398f68cca2907edca790', 'PEgCZfAgzzLbPHmtNrTgZV6XKWqWQJYrLn', '%7B%22asm%22%3A%220327d06b4e35a16e0997a61260f5d1ceee289f2e7bc4f9fdc4f80bfb656ee6eaf2%20OP_CHECKSIG%22%2C%22hex%22%3A%22210327d06b4e35a16e0997a61260f5d1ceee289f2e7bc4f9fdc4f80bfb656ee6eaf2ac%22%2C%22reqSigs%22%3A1%2C%22type%22%3A%22pubkey%22%2C%22addresses%22%3A%5B%22PEgCZfAgzzLbPHmtNrTgZV6XKWqWQJYrLn%22%5D%7D', '2481.75', 'a8719a33c2baf7e0f5554ac1e83a96edf9776383cd390398f68cca2907edca79', '0', '1345404260', '0', '23')
success: ForEachAsync (!array || !array.length)
Status: 200
Headers: {"date":"Sat, 10 Dec 2016 20:17:35 +0000","connection":"close","content-length":"107","content-type":"application/json","server":"ppcoin-json-rpc/v0.5.3ppc-beta"}
Status: 200
Headers: {"date":"Sat, 10 Dec 2016 20:17:36 +0000","connection":"close","content-length":"770","content-type":"application/json","server":"ppcoin-json-rpc/v0.5.3ppc-beta"}
INSERT INTO Blocks VALUES  ('000000000053b0ab6baa4f164774ae1ac79484d65cfdbf2e60a28fbe0039b528', '266', '24', '1', 'ece598555d94775173193b43966938289f1d11cd631b88d58a6b4477b4a6b3f4', '2012-08-19%2019%3A25%3A07%20UTC', '1101578473', '1c00f836', '264.02946083', '00000000002a0fe2dbf3bb05e07c998145faa748f8905ad2c7da842bfcd2e60a', '0000000000a22e0e7b5c2a47ac24f75ce9bb4d035f6e27119125d0e099048645', '', '%5B%22ece598555d94775173193b43966938289f1d11cd631b88d58a6b4477b4a6b3f4%22%5D')
try save transactions for block=24
Status: 200
Headers: {"date":"Sat, 10 Dec 2016 20:17:36 +0000","connection":"close","content-length":"271","content-type":"application/json","server":"ppcoin-json-rpc/v0.5.3ppc-beta"}
Status: 200
Headers: {"date":"Sat, 10 Dec 2016 20:17:36 +0000","connection":"close","content-length":"536","content-type":"application/json","server":"ppcoin-json-rpc/v0.5.3ppc-beta"}
INSERT INTO Transactions VALUES  ('000000000053b0ab6baa4f164774ae1ac79484d65cfdbf2e60a28fbe0039b528', '24', 'ece598555d94775173193b43966938289f1d11cd631b88d58a6b4477b4a6b3f4', '1345404264', '%5B%7B%22coinbase%22%3A%2204933d3150027d02062f503253482f%22%2C%22sequence%22%3A4294967295%7D%5D', '%5B%7B%22value%22%3A2480.53%2C%22n%22%3A0%2C%22scriptPubKey%22%3A%7B%22asm%22%3A%220399792c3b9c66124bd0c9527eceda6bd3b2cf73a7e41ffd8ce5a443b6e91d7c01%20OP_CHECKSIG%22%2C%22hex%22%3A%22210399792c3b9c66124bd0c9527eceda6bd3b2cf73a7e41ffd8ce5a443b6e91d7c01ac%22%2C%22reqSigs%22%3A1%2C%22type%22%3A%22pubkey%22%2C%22addresses%22%3A%5B%22PBMN1yUSoRuaotjQRWjyk6mDRibjPuzigw%22%5D%7D%7D%5D')
INSERT INTO Address VALUES  ('PBMN1yUSoRuaotjQRWjyk6mDRibjPuzigwece598555d94775173193b43966938289f1d11cd631b88d58a6b4477b4a6b3f40', 'PBMN1yUSoRuaotjQRWjyk6mDRibjPuzigw', '%7B%22asm%22%3A%220399792c3b9c66124bd0c9527eceda6bd3b2cf73a7e41ffd8ce5a443b6e91d7c01%20OP_CHECKSIG%22%2C%22hex%22%3A%22210399792c3b9c66124bd0c9527eceda6bd3b2cf73a7e41ffd8ce5a443b6e91d7c01ac%22%2C%22reqSigs%22%3A1%2C%22type%22%3A%22pubkey%22%2C%22addresses%22%3A%5B%22PBMN1yUSoRuaotjQRWjyk6mDRibjPuzigw%22%5D%7D', '2480.53', 'ece598555d94775173193b43966938289f1d11cd631b88d58a6b4477b4a6b3f4', '0', '1345404264', '0', '24')
success: ForEachAsync (!array || !array.length)
Status: 200
Headers: {"date":"Sat, 10 Dec 2016 20:17:37 +0000","connection":"close","content-length":"107","content-type":"application/json","server":"ppcoin-json-rpc/v0.5.3ppc-beta"}
Status: 200
Headers: {"date":"Sat, 10 Dec 2016 20:17:37 +0000","connection":"close","content-length":"43","content-type":"application/json","server":"ppcoin-json-rpc/v0.5.3ppc-beta"}
Status: 200
Headers: {"date":"Sat, 10 Dec 2016 20:17:37 +0000","connection":"close","content-length":"770","content-type":"application/json","server":"ppcoin-json-rpc/v0.5.3ppc-beta"}
INSERT INTO Blocks VALUES  ('0000000000a22e0e7b5c2a47ac24f75ce9bb4d035f6e27119125d0e099048645', '267', '25', '1', '5f1cee78bf2e252851f9d5398827d5e8bfe4ef0cd98e87c393a087733d78b3aa', '2012-08-19%2019%3A26%3A28%20UTC', '3937616777', '1c00f7c1', '264.51651557', '000000000053b0ab6baa4f164774ae1ac79484d65cfdbf2e60a28fbe0039b528', '00000000006dac94072b7305ebec91f1b8e08c2803d39d8d5701950b09caf033', '', '%5B%225f1cee78bf2e252851f9d5398827d5e8bfe4ef0cd98e87c393a087733d78b3aa%22%5D')
try save transactions for block=25
Status: 200
Headers: {"date":"Sat, 10 Dec 2016 20:17:37 +0000","connection":"close","content-length":"271","content-type":"application/json","server":"ppcoin-json-rpc/v0.5.3ppc-beta"}
Status: 200
Headers: {"date":"Sat, 10 Dec 2016 20:17:37 +0000","connection":"close","content-length":"536","content-type":"application/json","server":"ppcoin-json-rpc/v0.5.3ppc-beta"}
INSERT INTO Transactions VALUES  ('0000000000a22e0e7b5c2a47ac24f75ce9bb4d035f6e27119125d0e099048645', '25', '5f1cee78bf2e252851f9d5398827d5e8bfe4ef0cd98e87c393a087733d78b3aa', '1345404335', '%5B%7B%22coinbase%22%3A%2204e43d3150023a01062f503253482f%22%2C%22sequence%22%3A4294967295%7D%5D', '%5B%7B%22value%22%3A2479.38%2C%22n%22%3A0%2C%22scriptPubKey%22%3A%7B%22asm%22%3A%2202e5d9735f12cc4adfce708445c9e109dc945a135377bddf6a6f856757c88eecb3%20OP_CHECKSIG%22%2C%22hex%22%3A%222102e5d9735f12cc4adfce708445c9e109dc945a135377bddf6a6f856757c88eecb3ac%22%2C%22reqSigs%22%3A1%2C%22type%22%3A%22pubkey%22%2C%22addresses%22%3A%5B%22P9AqJKeEe9Y8e9j4zF88mzD7gm5UG928iP%22%5D%7D%7D%5D')
INSERT INTO Address VALUES  ('P9AqJKeEe9Y8e9j4zF88mzD7gm5UG928iP5f1cee78bf2e252851f9d5398827d5e8bfe4ef0cd98e87c393a087733d78b3aa0', 'P9AqJKeEe9Y8e9j4zF88mzD7gm5UG928iP', '%7B%22asm%22%3A%2202e5d9735f12cc4adfce708445c9e109dc945a135377bddf6a6f856757c88eecb3%20OP_CHECKSIG%22%2C%22hex%22%3A%222102e5d9735f12cc4adfce708445c9e109dc945a135377bddf6a6f856757c88eecb3ac%22%2C%22reqSigs%22%3A1%2C%22type%22%3A%22pubkey%22%2C%22addresses%22%3A%5B%22P9AqJKeEe9Y8e9j4zF88mzD7gm5UG928iP%22%5D%7D', '2479.38', '5f1cee78bf2e252851f9d5398827d5e8bfe4ef0cd98e87c393a087733d78b3aa', '0', '1345404335', '0', '25')
success: ForEachAsync (!array || !array.length)
Status: 200
Headers: {"date":"Sat, 10 Dec 2016 20:17:38 +0000","connection":"close","content-length":"107","content-type":"application/json","server":"ppcoin-json-rpc/v0.5.3ppc-beta"}
Status: 200
Headers: {"date":"Sat, 10 Dec 2016 20:17:38 +0000","connection":"close","content-length":"770","content-type":"application/json","server":"ppcoin-json-rpc/v0.5.3ppc-beta"}
INSERT INTO Blocks VALUES  ('00000000006dac94072b7305ebec91f1b8e08c2803d39d8d5701950b09caf033', '265', '26', '1', 'a1d0b66e894fde0383ebd7d881f1d01fe0ffa362fdbe825ca3bd3f5142c3317e', '2012-08-19%2019%3A26%3A43%20UTC', '1603049778', '1c00f754', '264.97188704', '0000000000a22e0e7b5c2a47ac24f75ce9bb4d035f6e27119125d0e099048645', '00000000004b889e493c3886c699cd6326d504aaff792ad0d20cfae978915f4a', '', '%5B%22a1d0b66e894fde0383ebd7d881f1d01fe0ffa362fdbe825ca3bd3f5142c3317e%22%5D')
try save transactions for block=26
Status: 200
Headers: {"date":"Sat, 10 Dec 2016 20:17:38 +0000","connection":"close","content-length":"269","content-type":"application/json","server":"ppcoin-json-rpc/v0.5.3ppc-beta"}
Status: 200
Headers: {"date":"Sat, 10 Dec 2016 20:17:39 +0000","connection":"close","content-length":"534","content-type":"application/json","server":"ppcoin-json-rpc/v0.5.3ppc-beta"}
INSERT INTO Transactions VALUES  ('00000000006dac94072b7305ebec91f1b8e08c2803d39d8d5701950b09caf033', '26', 'a1d0b66e894fde0383ebd7d881f1d01fe0ffa362fdbe825ca3bd3f5142c3317e', '1345404395', '%5B%7B%22coinbase%22%3A%2204f33d3150010f062f503253482f%22%2C%22sequence%22%3A4294967295%7D%5D', '%5B%7B%22value%22%3A2478.32%2C%22n%22%3A0%2C%22scriptPubKey%22%3A%7B%22asm%22%3A%220399792c3b9c66124bd0c9527eceda6bd3b2cf73a7e41ffd8ce5a443b6e91d7c01%20OP_CHECKSIG%22%2C%22hex%22%3A%22210399792c3b9c66124bd0c9527eceda6bd3b2cf73a7e41ffd8ce5a443b6e91d7c01ac%22%2C%22reqSigs%22%3A1%2C%22type%22%3A%22pubkey%22%2C%22addresses%22%3A%5B%22PBMN1yUSoRuaotjQRWjyk6mDRibjPuzigw%22%5D%7D%7D%5D')
INSERT INTO Address VALUES  ('PBMN1yUSoRuaotjQRWjyk6mDRibjPuzigwa1d0b66e894fde0383ebd7d881f1d01fe0ffa362fdbe825ca3bd3f5142c3317e0', 'PBMN1yUSoRuaotjQRWjyk6mDRibjPuzigw', '%7B%22asm%22%3A%220399792c3b9c66124bd0c9527eceda6bd3b2cf73a7e41ffd8ce5a443b6e91d7c01%20OP_CHECKSIG%22%2C%22hex%22%3A%22210399792c3b9c66124bd0c9527eceda6bd3b2cf73a7e41ffd8ce5a443b6e91d7c01ac%22%2C%22reqSigs%22%3A1%2C%22type%22%3A%22pubkey%22%2C%22addresses%22%3A%5B%22PBMN1yUSoRuaotjQRWjyk6mDRibjPuzigw%22%5D%7D', '2478.32', 'a1d0b66e894fde0383ebd7d881f1d01fe0ffa362fdbe825ca3bd3f5142c3317e', '0', '1345404395', '0', '26')
success: ForEachAsync (!array || !array.length)
Status: 200
Headers: {"date":"Sat, 10 Dec 2016 20:17:39 +0000","connection":"close","content-length":"107","content-type":"application/json","server":"ppcoin-json-rpc/v0.5.3ppc-beta"}
Status: 200
Headers: {"date":"Sat, 10 Dec 2016 20:17:39 +0000","connection":"close","content-length":"770","content-type":"application/json","server":"ppcoin-json-rpc/v0.5.3ppc-beta"}
INSERT INTO Blocks VALUES  ('00000000004b889e493c3886c699cd6326d504aaff792ad0d20cfae978915f4a', '267', '27', '1', '30e114c0a12dd104aa7f0647e9ffca105c1e92f22adcd65a13bd7d85a1d5d931', '2012-08-19%2019%3A31%3A08%20UTC', '1389981967', '1c00f6d9', '265.48763312', '00000000006dac94072b7305ebec91f1b8e08c2803d39d8d5701950b09caf033', '0000000000a56a3bac81b80c28e526eefcc6f50101ddd0da4038203da62d8d3b', '', '%5B%2230e114c0a12dd104aa7f0647e9ffca105c1e92f22adcd65a13bd7d85a1d5d931%22%5D')
try save transactions for block=27
Status: 200
Headers: {"date":"Sat, 10 Dec 2016 20:17:40 +0000","connection":"close","content-length":"271","content-type":"application/json","server":"ppcoin-json-rpc/v0.5.3ppc-beta"}
Status: 200
Headers: {"date":"Sat, 10 Dec 2016 20:17:40 +0000","connection":"close","content-length":"536","content-type":"application/json","server":"ppcoin-json-rpc/v0.5.3ppc-beta"}
INSERT INTO Transactions VALUES  ('00000000004b889e493c3886c699cd6326d504aaff792ad0d20cfae978915f4a', '27', '30e114c0a12dd104aa7f0647e9ffca105c1e92f22adcd65a13bd7d85a1d5d931', '1345404408', '%5B%7B%22coinbase%22%3A%2204fc3e315002a602062f503253482f%22%2C%22sequence%22%3A4294967295%7D%5D', '%5B%7B%22value%22%3A2477.11%2C%22n%22%3A0%2C%22scriptPubKey%22%3A%7B%22asm%22%3A%2202e5d9735f12cc4adfce708445c9e109dc945a135377bddf6a6f856757c88eecb3%20OP_CHECKSIG%22%2C%22hex%22%3A%222102e5d9735f12cc4adfce708445c9e109dc945a135377bddf6a6f856757c88eecb3ac%22%2C%22reqSigs%22%3A1%2C%22type%22%3A%22pubkey%22%2C%22addresses%22%3A%5B%22P9AqJKeEe9Y8e9j4zF88mzD7gm5UG928iP%22%5D%7D%7D%5D')
INSERT INTO Address VALUES  ('P9AqJKeEe9Y8e9j4zF88mzD7gm5UG928iP30e114c0a12dd104aa7f0647e9ffca105c1e92f22adcd65a13bd7d85a1d5d9310', 'P9AqJKeEe9Y8e9j4zF88mzD7gm5UG928iP', '%7B%22asm%22%3A%2202e5d9735f12cc4adfce708445c9e109dc945a135377bddf6a6f856757c88eecb3%20OP_CHECKSIG%22%2C%22hex%22%3A%222102e5d9735f12cc4adfce708445c9e109dc945a135377bddf6a6f856757c88eecb3ac%22%2C%22reqSigs%22%3A1%2C%22type%22%3A%22pubkey%22%2C%22addresses%22%3A%5B%22P9AqJKeEe9Y8e9j4zF88mzD7gm5UG928iP%22%5D%7D', '2477.11', '30e114c0a12dd104aa7f0647e9ffca105c1e92f22adcd65a13bd7d85a1d5d931', '0', '1345404408', '0', '27')
success: ForEachAsync (!array || !array.length)
Status: 200
Headers: {"date":"Sat, 10 Dec 2016 20:17:40 +0000","connection":"close","content-length":"107","content-type":"application/json","server":"ppcoin-json-rpc/v0.5.3ppc-beta"}
Status: 200
Headers: {"date":"Sat, 10 Dec 2016 20:17:41 +0000","connection":"close","content-length":"769","content-type":"application/json","server":"ppcoin-json-rpc/v0.5.3ppc-beta"}
INSERT INTO Blocks VALUES  ('0000000000a56a3bac81b80c28e526eefcc6f50101ddd0da4038203da62d8d3b', '267', '28', '1', '430a48059e0c67adf70e4ef6268fab247fd7e7c811d15103093dc7546aa53763', '2012-08-19%2019%3A33%3A41%20UTC', '770014680', '1c00f693', '265.78204458', '00000000004b889e493c3886c699cd6326d504aaff792ad0d20cfae978915f4a', '00000000004a31963268034f43feed45387ddfe1e10cc57156b0beb476fc0c4f', '', '%5B%22430a48059e0c67adf70e4ef6268fab247fd7e7c811d15103093dc7546aa53763%22%5D')
try save transactions for block=28
Status: 200
Headers: {"date":"Sat, 10 Dec 2016 20:17:41 +0000","connection":"close","content-length":"271","content-type":"application/json","server":"ppcoin-json-rpc/v0.5.3ppc-beta"}
Status: 200
Headers: {"date":"Sat, 10 Dec 2016 20:17:41 +0000","connection":"close","content-length":"536","content-type":"application/json","server":"ppcoin-json-rpc/v0.5.3ppc-beta"}
INSERT INTO Transactions VALUES  ('0000000000a56a3bac81b80c28e526eefcc6f50101ddd0da4038203da62d8d3b', '28', '430a48059e0c67adf70e4ef6268fab247fd7e7c811d15103093dc7546aa53763', '1345404685', '%5B%7B%22coinbase%22%3A%2204953f315002c100062f503253482f%22%2C%22sequence%22%3A4294967295%7D%5D', '%5B%7B%22value%22%3A2476.43%2C%22n%22%3A0%2C%22scriptPubKey%22%3A%7B%22asm%22%3A%2202988799ab3682dff53ba465c1e30d30b8fb530c9d8574938676c039e4c9a1d65a%20OP_CHECKSIG%22%2C%22hex%22%3A%222102988799ab3682dff53ba465c1e30d30b8fb530c9d8574938676c039e4c9a1d65aac%22%2C%22reqSigs%22%3A1%2C%22type%22%3A%22pubkey%22%2C%22addresses%22%3A%5B%22P9tYMKfVRAPo5qnsdVswH9b2h4RpdB9SVb%22%5D%7D%7D%5D')
INSERT INTO Address VALUES  ('P9tYMKfVRAPo5qnsdVswH9b2h4RpdB9SVb430a48059e0c67adf70e4ef6268fab247fd7e7c811d15103093dc7546aa537630', 'P9tYMKfVRAPo5qnsdVswH9b2h4RpdB9SVb', '%7B%22asm%22%3A%2202988799ab3682dff53ba465c1e30d30b8fb530c9d8574938676c039e4c9a1d65a%20OP_CHECKSIG%22%2C%22hex%22%3A%222102988799ab3682dff53ba465c1e30d30b8fb530c9d8574938676c039e4c9a1d65aac%22%2C%22reqSigs%22%3A1%2C%22type%22%3A%22pubkey%22%2C%22addresses%22%3A%5B%22P9tYMKfVRAPo5qnsdVswH9b2h4RpdB9SVb%22%5D%7D', '2476.43', '430a48059e0c67adf70e4ef6268fab247fd7e7c811d15103093dc7546aa53763', '0', '1345404685', '0', '28')
success: ForEachAsync (!array || !array.length)
Status: 200
Headers: {"date":"Sat, 10 Dec 2016 20:17:42 +0000","connection":"close","content-length":"107","content-type":"application/json","server":"ppcoin-json-rpc/v0.5.3ppc-beta"}
Status: 200
Headers: {"date":"Sat, 10 Dec 2016 20:17:42 +0000","connection":"close","content-length":"770","content-type":"application/json","server":"ppcoin-json-rpc/v0.5.3ppc-beta"}
INSERT INTO Blocks VALUES  ('00000000004a31963268034f43feed45387ddfe1e10cc57156b0beb476fc0c4f', '267', '29', '1', '69acb24fe1618484f18c42f41fc842bd72981d11035ce222df51f8e63bafb951', '2012-08-19%2019%3A34%3A21%20UTC', '3754729612', '1c00f635', '266.1784258', '0000000000a56a3bac81b80c28e526eefcc6f50101ddd0da4038203da62d8d3b', '00000000001c400c4136e26af55cbc8b42c7953c90d051e5855749be4ecbe569', '', '%5B%2269acb24fe1618484f18c42f41fc842bd72981d11035ce222df51f8e63bafb951%22%5D')
try save transactions for block=29
Status: 200
Headers: {"date":"Sat, 10 Dec 2016 20:17:42 +0000","connection":"close","content-length":"271","content-type":"application/json","server":"ppcoin-json-rpc/v0.5.3ppc-beta"}
Status: 200
Headers: {"date":"Sat, 10 Dec 2016 20:17:43 +0000","connection":"close","content-length":"536","content-type":"application/json","server":"ppcoin-json-rpc/v0.5.3ppc-beta"}
INSERT INTO Transactions VALUES  ('00000000004a31963268034f43feed45387ddfe1e10cc57156b0beb476fc0c4f', '29', '69acb24fe1618484f18c42f41fc842bd72981d11035ce222df51f8e63bafb951', '1345404846', '%5B%7B%22coinbase%22%3A%2204bd3f315002ef01062f503253482f%22%2C%22sequence%22%3A4294967295%7D%5D', '%5B%7B%22value%22%3A2475.5%2C%22n%22%3A0%2C%22scriptPubKey%22%3A%7B%22asm%22%3A%22031d456fc3e34fffe6e5f6ad62b6e639ad32d9cde6db52b973d4bdc9e65cab7e38%20OP_CHECKSIG%22%2C%22hex%22%3A%2221031d456fc3e34fffe6e5f6ad62b6e639ad32d9cde6db52b973d4bdc9e65cab7e38ac%22%2C%22reqSigs%22%3A1%2C%22type%22%3A%22pubkey%22%2C%22addresses%22%3A%5B%22PNMt5j5wBk9UDwkCUw2TwPuEsKcH5oBxYS%22%5D%7D%7D%5D')
INSERT INTO Address VALUES  ('PNMt5j5wBk9UDwkCUw2TwPuEsKcH5oBxYS69acb24fe1618484f18c42f41fc842bd72981d11035ce222df51f8e63bafb9510', 'PNMt5j5wBk9UDwkCUw2TwPuEsKcH5oBxYS', '%7B%22asm%22%3A%22031d456fc3e34fffe6e5f6ad62b6e639ad32d9cde6db52b973d4bdc9e65cab7e38%20OP_CHECKSIG%22%2C%22hex%22%3A%2221031d456fc3e34fffe6e5f6ad62b6e639ad32d9cde6db52b973d4bdc9e65cab7e38ac%22%2C%22reqSigs%22%3A1%2C%22type%22%3A%22pubkey%22%2C%22addresses%22%3A%5B%22PNMt5j5wBk9UDwkCUw2TwPuEsKcH5oBxYS%22%5D%7D', '2475.5', '69acb24fe1618484f18c42f41fc842bd72981d11035ce222df51f8e63bafb951', '0', '1345404846', '0', '29')
success: ForEachAsync (!array || !array.length)
Status: 200
Headers: {"date":"Sat, 10 Dec 2016 20:17:43 +0000","connection":"close","content-length":"107","content-type":"application/json","server":"ppcoin-json-rpc/v0.5.3ppc-beta"}
Status: 200
Headers: {"date":"Sat, 10 Dec 2016 20:17:43 +0000","connection":"close","content-length":"769","content-type":"application/json","server":"ppcoin-json-rpc/v0.5.3ppc-beta"}
INSERT INTO Blocks VALUES  ('00000000001c400c4136e26af55cbc8b42c7953c90d051e5855749be4ecbe569', '268', '30', '1', '7d0950e983ebf39844cee4149ffeca496077dd06454db4fd73299574aba097c6', '2012-08-19%2019%3A38%3A49%20UTC', '548831632', '1c00f5c0', '266.67344863', '00000000004a31963268034f43feed45387ddfe1e10cc57156b0beb476fc0c4f', '00000000001146806f929c4f7ce40004920fcb5e883e56ecb44fcfd5c9557f93', '', '%5B%227d0950e983ebf39844cee4149ffeca496077dd06454db4fd73299574aba097c6%22%5D')
try save transactions for block=30
Status: 200
Headers: {"date":"Sat, 10 Dec 2016 20:17:44 +0000","connection":"close","content-length":"271","content-type":"application/json","server":"ppcoin-json-rpc/v0.5.3ppc-beta"}
Status: 200
Headers: {"date":"Sat, 10 Dec 2016 20:17:44 +0000","connection":"close","content-length":"536","content-type":"application/json","server":"ppcoin-json-rpc/v0.5.3ppc-beta"}
INSERT INTO Transactions VALUES  ('00000000001c400c4136e26af55cbc8b42c7953c90d051e5855749be4ecbe569', '30', '7d0950e983ebf39844cee4149ffeca496077dd06454db4fd73299574aba097c6', '1345404867', '%5B%7B%22coinbase%22%3A%2204c9403150028d01062f503253482f%22%2C%22sequence%22%3A4294967295%7D%5D', '%5B%7B%22value%22%3A2474.35%2C%22n%22%3A0%2C%22scriptPubKey%22%3A%7B%22asm%22%3A%220327d06b4e35a16e0997a61260f5d1ceee289f2e7bc4f9fdc4f80bfb656ee6eaf2%20OP_CHECKSIG%22%2C%22hex%22%3A%22210327d06b4e35a16e0997a61260f5d1ceee289f2e7bc4f9fdc4f80bfb656ee6eaf2ac%22%2C%22reqSigs%22%3A1%2C%22type%22%3A%22pubkey%22%2C%22addresses%22%3A%5B%22PEgCZfAgzzLbPHmtNrTgZV6XKWqWQJYrLn%22%5D%7D%7D%5D')
INSERT INTO Address VALUES  ('PEgCZfAgzzLbPHmtNrTgZV6XKWqWQJYrLn7d0950e983ebf39844cee4149ffeca496077dd06454db4fd73299574aba097c60', 'PEgCZfAgzzLbPHmtNrTgZV6XKWqWQJYrLn', '%7B%22asm%22%3A%220327d06b4e35a16e0997a61260f5d1ceee289f2e7bc4f9fdc4f80bfb656ee6eaf2%20OP_CHECKSIG%22%2C%22hex%22%3A%22210327d06b4e35a16e0997a61260f5d1ceee289f2e7bc4f9fdc4f80bfb656ee6eaf2ac%22%2C%22reqSigs%22%3A1%2C%22type%22%3A%22pubkey%22%2C%22addresses%22%3A%5B%22PEgCZfAgzzLbPHmtNrTgZV6XKWqWQJYrLn%22%5D%7D', '2474.35', '7d0950e983ebf39844cee4149ffeca496077dd06454db4fd73299574aba097c6', '0', '1345404867', '0', '30')
success: ForEachAsync (!array || !array.length)
Status: 200
Headers: {"date":"Sat, 10 Dec 2016 20:17:44 +0000","connection":"close","content-length":"107","content-type":"application/json","server":"ppcoin-json-rpc/v0.5.3ppc-beta"}
Status: 200
Headers: {"date":"Sat, 10 Dec 2016 20:17:44 +0000","connection":"close","content-length":"770","content-type":"application/json","server":"ppcoin-json-rpc/v0.5.3ppc-beta"}
INSERT INTO Blocks VALUES  ('00000000001146806f929c4f7ce40004920fcb5e883e56ecb44fcfd5c9557f93', '268', '31', '1', '59d5f7a2f829776a5c6a60df53bc1a32aaa1947b76b17ff6162c4c357f378ddc', '2012-08-19%2019%3A40%3A52%20UTC', '1731357063', '1c00f57a', '266.97049744', '00000000001c400c4136e26af55cbc8b42c7953c90d051e5855749be4ecbe569', '00000000006398d735770f0acd34e94c2aa8a337ade88569b041f655c30ebf82', '', '%5B%2259d5f7a2f829776a5c6a60df53bc1a32aaa1947b76b17ff6162c4c357f378ddc%22%5D')
try save transactions for block=31
Status: 200
Headers: {"date":"Sat, 10 Dec 2016 20:17:45 +0000","connection":"close","content-length":"271","content-type":"application/json","server":"ppcoin-json-rpc/v0.5.3ppc-beta"}
Status: 200
Headers: {"date":"Sat, 10 Dec 2016 20:17:45 +0000","connection":"close","content-length":"536","content-type":"application/json","server":"ppcoin-json-rpc/v0.5.3ppc-beta"}
INSERT INTO Transactions VALUES  ('00000000001146806f929c4f7ce40004920fcb5e883e56ecb44fcfd5c9557f93', '31', '59d5f7a2f829776a5c6a60df53bc1a32aaa1947b76b17ff6162c4c357f378ddc', '1345405156', '%5B%7B%22coinbase%22%3A%22044441315002e403062f503253482f%22%2C%22sequence%22%3A4294967295%7D%5D', '%5B%7B%22value%22%3A2473.66%2C%22n%22%3A0%2C%22scriptPubKey%22%3A%7B%22asm%22%3A%2202e5d9735f12cc4adfce708445c9e109dc945a135377bddf6a6f856757c88eecb3%20OP_CHECKSIG%22%2C%22hex%22%3A%222102e5d9735f12cc4adfce708445c9e109dc945a135377bddf6a6f856757c88eecb3ac%22%2C%22reqSigs%22%3A1%2C%22type%22%3A%22pubkey%22%2C%22addresses%22%3A%5B%22P9AqJKeEe9Y8e9j4zF88mzD7gm5UG928iP%22%5D%7D%7D%5D')
INSERT INTO Address VALUES  ('P9AqJKeEe9Y8e9j4zF88mzD7gm5UG928iP59d5f7a2f829776a5c6a60df53bc1a32aaa1947b76b17ff6162c4c357f378ddc0', 'P9AqJKeEe9Y8e9j4zF88mzD7gm5UG928iP', '%7B%22asm%22%3A%2202e5d9735f12cc4adfce708445c9e109dc945a135377bddf6a6f856757c88eecb3%20OP_CHECKSIG%22%2C%22hex%22%3A%222102e5d9735f12cc4adfce708445c9e109dc945a135377bddf6a6f856757c88eecb3ac%22%2C%22reqSigs%22%3A1%2C%22type%22%3A%22pubkey%22%2C%22addresses%22%3A%5B%22P9AqJKeEe9Y8e9j4zF88mzD7gm5UG928iP%22%5D%7D', '2473.66', '59d5f7a2f829776a5c6a60df53bc1a32aaa1947b76b17ff6162c4c357f378ddc', '0', '1345405156', '0', '31')
success: ForEachAsync (!array || !array.length)
Status: 200
Headers: {"date":"Sat, 10 Dec 2016 20:17:45 +0000","connection":"close","content-length":"107","content-type":"application/json","server":"ppcoin-json-rpc/v0.5.3ppc-beta"}
Status: 200
Headers: {"date":"Sat, 10 Dec 2016 20:17:46 +0000","connection":"close","content-length":"770","content-type":"application/json","server":"ppcoin-json-rpc/v0.5.3ppc-beta"}
INSERT INTO Blocks VALUES  ('00000000006398d735770f0acd34e94c2aa8a337ade88569b041f655c30ebf82', '266', '32', '1', '10c08243816dc85a2dffe2ec49c52eb08fb3da498e56e0f614bd943b9dac8c84', '2012-08-19%2019%3A41%3A04%20UTC', '3353530374', '1c00f516', '267.39600268', '00000000001146806f929c4f7ce40004920fcb5e883e56ecb44fcfd5c9557f93', '000000000001fe97249d566c2519ae987fad0aab0d8a79a902a6945b61c36713', '', '%5B%2210c08243816dc85a2dffe2ec49c52eb08fb3da498e56e0f614bd943b9dac8c84%22%5D')
try save transactions for block=32
Status: 200
Headers: {"date":"Sat, 10 Dec 2016 20:17:46 +0000","connection":"close","content-length":"269","content-type":"application/json","server":"ppcoin-json-rpc/v0.5.3ppc-beta"}
Status: 200
Headers: {"date":"Sat, 10 Dec 2016 20:17:46 +0000","connection":"close","content-length":"534","content-type":"application/json","server":"ppcoin-json-rpc/v0.5.3ppc-beta"}
INSERT INTO Transactions VALUES  ('00000000006398d735770f0acd34e94c2aa8a337ade88569b041f655c30ebf82', '32', '10c08243816dc85a2dffe2ec49c52eb08fb3da498e56e0f614bd943b9dac8c84', '1345405261', '%5B%7B%22coinbase%22%3A%2204504131500105062f503253482f%22%2C%22sequence%22%3A4294967295%7D%5D', '%5B%7B%22value%22%3A2472.68%2C%22n%22%3A0%2C%22scriptPubKey%22%3A%7B%22asm%22%3A%2202e5d9735f12cc4adfce708445c9e109dc945a135377bddf6a6f856757c88eecb3%20OP_CHECKSIG%22%2C%22hex%22%3A%222102e5d9735f12cc4adfce708445c9e109dc945a135377bddf6a6f856757c88eecb3ac%22%2C%22reqSigs%22%3A1%2C%22type%22%3A%22pubkey%22%2C%22addresses%22%3A%5B%22P9AqJKeEe9Y8e9j4zF88mzD7gm5UG928iP%22%5D%7D%7D%5D')
INSERT INTO Address VALUES  ('P9AqJKeEe9Y8e9j4zF88mzD7gm5UG928iP10c08243816dc85a2dffe2ec49c52eb08fb3da498e56e0f614bd943b9dac8c840', 'P9AqJKeEe9Y8e9j4zF88mzD7gm5UG928iP', '%7B%22asm%22%3A%2202e5d9735f12cc4adfce708445c9e109dc945a135377bddf6a6f856757c88eecb3%20OP_CHECKSIG%22%2C%22hex%22%3A%222102e5d9735f12cc4adfce708445c9e109dc945a135377bddf6a6f856757c88eecb3ac%22%2C%22reqSigs%22%3A1%2C%22type%22%3A%22pubkey%22%2C%22addresses%22%3A%5B%22P9AqJKeEe9Y8e9j4zF88mzD7gm5UG928iP%22%5D%7D', '2472.68', '10c08243816dc85a2dffe2ec49c52eb08fb3da498e56e0f614bd943b9dac8c84', '0', '1345405261', '0', '32')
success: ForEachAsync (!array || !array.length)
Status: 200
Headers: {"date":"Sat, 10 Dec 2016 20:17:47 +0000","connection":"close","content-length":"107","content-type":"application/json","server":"ppcoin-json-rpc/v0.5.3ppc-beta"}
Status: 200
Headers: {"date":"Sat, 10 Dec 2016 20:17:47 +0000","connection":"close","content-length":"43","content-type":"application/json","server":"ppcoin-json-rpc/v0.5.3ppc-beta"}
Status: 200
Headers: {"date":"Sat, 10 Dec 2016 20:17:47 +0000","connection":"close","content-length":"770","content-type":"application/json","server":"ppcoin-json-rpc/v0.5.3ppc-beta"}
INSERT INTO Blocks VALUES  ('000000000001fe97249d566c2519ae987fad0aab0d8a79a902a6945b61c36713', '267', '33', '1', 'ead29fae6361fecb8e8615261efa34fb5bba3409256239acb0a3972060ca5192', '2012-08-19%2019%3A45%3A31%20UTC', '1774791176', '1c00f49c', '267.91695944', '00000000006398d735770f0acd34e94c2aa8a337ade88569b041f655c30ebf82', '00000000005b90dc36b29b4764f18fecfd9440c6fba95379c20ed331d974b4e8', '', '%5B%22ead29fae6361fecb8e8615261efa34fb5bba3409256239acb0a3972060ca5192%22%5D')
try save transactions for block=33
Status: 200
Headers: {"date":"Sat, 10 Dec 2016 20:17:47 +0000","connection":"close","content-length":"271","content-type":"application/json","server":"ppcoin-json-rpc/v0.5.3ppc-beta"}
Status: 200
Headers: {"date":"Sat, 10 Dec 2016 20:17:48 +0000","connection":"close","content-length":"536","content-type":"application/json","server":"ppcoin-json-rpc/v0.5.3ppc-beta"}
INSERT INTO Transactions VALUES  ('000000000001fe97249d566c2519ae987fad0aab0d8a79a902a6945b61c36713', '33', 'ead29fae6361fecb8e8615261efa34fb5bba3409256239acb0a3972060ca5192', '1345405267', '%5B%7B%22coinbase%22%3A%22045b423150026103062f503253482f%22%2C%22sequence%22%3A4294967295%7D%5D', '%5B%7B%22value%22%3A2471.48%2C%22n%22%3A0%2C%22scriptPubKey%22%3A%7B%22asm%22%3A%220399792c3b9c66124bd0c9527eceda6bd3b2cf73a7e41ffd8ce5a443b6e91d7c01%20OP_CHECKSIG%22%2C%22hex%22%3A%22210399792c3b9c66124bd0c9527eceda6bd3b2cf73a7e41ffd8ce5a443b6e91d7c01ac%22%2C%22reqSigs%22%3A1%2C%22type%22%3A%22pubkey%22%2C%22addresses%22%3A%5B%22PBMN1yUSoRuaotjQRWjyk6mDRibjPuzigw%22%5D%7D%7D%5D')
INSERT INTO Address VALUES  ('PBMN1yUSoRuaotjQRWjyk6mDRibjPuzigwead29fae6361fecb8e8615261efa34fb5bba3409256239acb0a3972060ca51920', 'PBMN1yUSoRuaotjQRWjyk6mDRibjPuzigw', '%7B%22asm%22%3A%220399792c3b9c66124bd0c9527eceda6bd3b2cf73a7e41ffd8ce5a443b6e91d7c01%20OP_CHECKSIG%22%2C%22hex%22%3A%22210399792c3b9c66124bd0c9527eceda6bd3b2cf73a7e41ffd8ce5a443b6e91d7c01ac%22%2C%22reqSigs%22%3A1%2C%22type%22%3A%22pubkey%22%2C%22addresses%22%3A%5B%22PBMN1yUSoRuaotjQRWjyk6mDRibjPuzigw%22%5D%7D', '2471.48', 'ead29fae6361fecb8e8615261efa34fb5bba3409256239acb0a3972060ca5192', '0', '1345405267', '0', '33')
success: ForEachAsync (!array || !array.length)
Status: 200
Headers: {"date":"Sat, 10 Dec 2016 20:17:48 +0000","connection":"close","content-length":"107","content-type":"application/json","server":"ppcoin-json-rpc/v0.5.3ppc-beta"}
Status: 200
Headers: {"date":"Sat, 10 Dec 2016 20:17:48 +0000","connection":"close","content-length":"770","content-type":"application/json","server":"ppcoin-json-rpc/v0.5.3ppc-beta"}
INSERT INTO Blocks VALUES  ('00000000005b90dc36b29b4764f18fecfd9440c6fba95379c20ed331d974b4e8', '266', '34', '1', 'b4b3990cfed9832782aecb9e3a71472791d3b73d5472e475cff91ed9ff36c2d4', '2012-08-19%2019%3A47%3A20%20UTC', '3886359941', '1c00f457', '268.2124986', '000000000001fe97249d566c2519ae987fad0aab0d8a79a902a6945b61c36713', '0000000000f000cd5b8c6e3d6caba3c4cd1dbea170d4571d87276b7e5ff85e0e', '', '%5B%22b4b3990cfed9832782aecb9e3a71472791d3b73d5472e475cff91ed9ff36c2d4%22%5D')
try save transactions for block=34
Status: 200
Headers: {"date":"Sat, 10 Dec 2016 20:17:48 +0000","connection":"close","content-length":"271","content-type":"application/json","server":"ppcoin-json-rpc/v0.5.3ppc-beta"}
Status: 200
Headers: {"date":"Sat, 10 Dec 2016 20:17:49 +0000","connection":"close","content-length":"536","content-type":"application/json","server":"ppcoin-json-rpc/v0.5.3ppc-beta"}
INSERT INTO Transactions VALUES  ('00000000005b90dc36b29b4764f18fecfd9440c6fba95379c20ed331d974b4e8', '34', 'b4b3990cfed9832782aecb9e3a71472791d3b73d5472e475cff91ed9ff36c2d4', '1345405553', '%5B%7B%22coinbase%22%3A%2204c8423150029403062f503253482f%22%2C%22sequence%22%3A4294967295%7D%5D', '%5B%7B%22value%22%3A2470.79%2C%22n%22%3A0%2C%22scriptPubKey%22%3A%7B%22asm%22%3A%2202e5d9735f12cc4adfce708445c9e109dc945a135377bddf6a6f856757c88eecb3%20OP_CHECKSIG%22%2C%22hex%22%3A%222102e5d9735f12cc4adfce708445c9e109dc945a135377bddf6a6f856757c88eecb3ac%22%2C%22reqSigs%22%3A1%2C%22type%22%3A%22pubkey%22%2C%22addresses%22%3A%5B%22P9AqJKeEe9Y8e9j4zF88mzD7gm5UG928iP%22%5D%7D%7D%5D')
INSERT INTO Address VALUES  ('P9AqJKeEe9Y8e9j4zF88mzD7gm5UG928iPb4b3990cfed9832782aecb9e3a71472791d3b73d5472e475cff91ed9ff36c2d40', 'P9AqJKeEe9Y8e9j4zF88mzD7gm5UG928iP', '%7B%22asm%22%3A%2202e5d9735f12cc4adfce708445c9e109dc945a135377bddf6a6f856757c88eecb3%20OP_CHECKSIG%22%2C%22hex%22%3A%222102e5d9735f12cc4adfce708445c9e109dc945a135377bddf6a6f856757c88eecb3ac%22%2C%22reqSigs%22%3A1%2C%22type%22%3A%22pubkey%22%2C%22addresses%22%3A%5B%22P9AqJKeEe9Y8e9j4zF88mzD7gm5UG928iP%22%5D%7D', '2470.79', 'b4b3990cfed9832782aecb9e3a71472791d3b73d5472e475cff91ed9ff36c2d4', '0', '1345405553', '0', '34')
success: ForEachAsync (!array || !array.length)
Status: 200
Headers: {"date":"Sat, 10 Dec 2016 20:17:49 +0000","connection":"close","content-length":"107","content-type":"application/json","server":"ppcoin-json-rpc/v0.5.3ppc-beta"}
Status: 200
Headers: {"date":"Sat, 10 Dec 2016 20:17:49 +0000","connection":"close","content-length":"770","content-type":"application/json","server":"ppcoin-json-rpc/v0.5.3ppc-beta"}
INSERT INTO Blocks VALUES  ('0000000000f000cd5b8c6e3d6caba3c4cd1dbea170d4571d87276b7e5ff85e0e', '267', '35', '1', '3db29b77723db2618ff669469dca4df4a65955179f414917dc3e402072f0edf0', '2012-08-19%2019%3A50%3A11%20UTC', '2006128985', '1c00f3f1', '268.65057887', '00000000005b90dc36b29b4764f18fecfd9440c6fba95379c20ed331d974b4e8', '0000000000707455406123652b5751b4c7cc196c012880dcd6d360f1c6115cce', '', '%5B%223db29b77723db2618ff669469dca4df4a65955179f414917dc3e402072f0edf0%22%5D')
try save transactions for block=35
Status: 200
Headers: {"date":"Sat, 10 Dec 2016 20:17:50 +0000","connection":"close","content-length":"271","content-type":"application/json","server":"ppcoin-json-rpc/v0.5.3ppc-beta"}
Status: 200
Headers: {"date":"Sat, 10 Dec 2016 20:17:50 +0000","connection":"close","content-length":"536","content-type":"application/json","server":"ppcoin-json-rpc/v0.5.3ppc-beta"}
INSERT INTO Transactions VALUES  ('0000000000f000cd5b8c6e3d6caba3c4cd1dbea170d4571d87276b7e5ff85e0e', '35', '3db29b77723db2618ff669469dca4df4a65955179f414917dc3e402072f0edf0', '1345405646', '%5B%7B%22coinbase%22%3A%220473433150023c04062f503253482f%22%2C%22sequence%22%3A4294967295%7D%5D', '%5B%7B%22value%22%3A2469.79%2C%22n%22%3A0%2C%22scriptPubKey%22%3A%7B%22asm%22%3A%220399792c3b9c66124bd0c9527eceda6bd3b2cf73a7e41ffd8ce5a443b6e91d7c01%20OP_CHECKSIG%22%2C%22hex%22%3A%22210399792c3b9c66124bd0c9527eceda6bd3b2cf73a7e41ffd8ce5a443b6e91d7c01ac%22%2C%22reqSigs%22%3A1%2C%22type%22%3A%22pubkey%22%2C%22addresses%22%3A%5B%22PBMN1yUSoRuaotjQRWjyk6mDRibjPuzigw%22%5D%7D%7D%5D')
INSERT INTO Address VALUES  ('PBMN1yUSoRuaotjQRWjyk6mDRibjPuzigw3db29b77723db2618ff669469dca4df4a65955179f414917dc3e402072f0edf00', 'PBMN1yUSoRuaotjQRWjyk6mDRibjPuzigw', '%7B%22asm%22%3A%220399792c3b9c66124bd0c9527eceda6bd3b2cf73a7e41ffd8ce5a443b6e91d7c01%20OP_CHECKSIG%22%2C%22hex%22%3A%22210399792c3b9c66124bd0c9527eceda6bd3b2cf73a7e41ffd8ce5a443b6e91d7c01ac%22%2C%22reqSigs%22%3A1%2C%22type%22%3A%22pubkey%22%2C%22addresses%22%3A%5B%22PBMN1yUSoRuaotjQRWjyk6mDRibjPuzigw%22%5D%7D', '2469.79', '3db29b77723db2618ff669469dca4df4a65955179f414917dc3e402072f0edf0', '0', '1345405646', '0', '35')
success: ForEachAsync (!array || !array.length)
Status: 200
Headers: {"date":"Sat, 10 Dec 2016 20:17:50 +0000","connection":"close","content-length":"107","content-type":"application/json","server":"ppcoin-json-rpc/v0.5.3ppc-beta"}
Status: 200
Headers: {"date":"Sat, 10 Dec 2016 20:17:51 +0000","connection":"close","content-length":"770","content-type":"application/json","server":"ppcoin-json-rpc/v0.5.3ppc-beta"}
INSERT INTO Blocks VALUES  ('0000000000707455406123652b5751b4c7cc196c012880dcd6d360f1c6115cce', '267', '36', '1', '88e08291a743618e50ce88fb7a5917626548a1bd3cb6beb682091cb12ecfd1f2', '2012-08-19%2019%3A50%3A22%20UTC', '1771892461', '1c00f398', '269.03399615', '0000000000f000cd5b8c6e3d6caba3c4cd1dbea170d4571d87276b7e5ff85e0e', '000000000071dcdd0eefafcd791e92e25064557cab6240781aba730e8c411a08', '', '%5B%2288e08291a743618e50ce88fb7a5917626548a1bd3cb6beb682091cb12ecfd1f2%22%5D')
try save transactions for block=36
Status: 200
Headers: {"date":"Sat, 10 Dec 2016 20:17:51 +0000","connection":"close","content-length":"271","content-type":"application/json","server":"ppcoin-json-rpc/v0.5.3ppc-beta"}
Status: 200
Headers: {"date":"Sat, 10 Dec 2016 20:17:51 +0000","connection":"close","content-length":"536","content-type":"application/json","server":"ppcoin-json-rpc/v0.5.3ppc-beta"}
INSERT INTO Transactions VALUES  ('0000000000707455406123652b5751b4c7cc196c012880dcd6d360f1c6115cce', '36', '88e08291a743618e50ce88fb7a5917626548a1bd3cb6beb682091cb12ecfd1f2', '1345405822', '%5B%7B%22coinbase%22%3A%22047e433150024304062f503253482f%22%2C%22sequence%22%3A4294967295%7D%5D', '%5B%7B%22value%22%3A2468.9%2C%22n%22%3A0%2C%22scriptPubKey%22%3A%7B%22asm%22%3A%220399792c3b9c66124bd0c9527eceda6bd3b2cf73a7e41ffd8ce5a443b6e91d7c01%20OP_CHECKSIG%22%2C%22hex%22%3A%22210399792c3b9c66124bd0c9527eceda6bd3b2cf73a7e41ffd8ce5a443b6e91d7c01ac%22%2C%22reqSigs%22%3A1%2C%22type%22%3A%22pubkey%22%2C%22addresses%22%3A%5B%22PBMN1yUSoRuaotjQRWjyk6mDRibjPuzigw%22%5D%7D%7D%5D')
INSERT INTO Address VALUES  ('PBMN1yUSoRuaotjQRWjyk6mDRibjPuzigw88e08291a743618e50ce88fb7a5917626548a1bd3cb6beb682091cb12ecfd1f20', 'PBMN1yUSoRuaotjQRWjyk6mDRibjPuzigw', '%7B%22asm%22%3A%220399792c3b9c66124bd0c9527eceda6bd3b2cf73a7e41ffd8ce5a443b6e91d7c01%20OP_CHECKSIG%22%2C%22hex%22%3A%22210399792c3b9c66124bd0c9527eceda6bd3b2cf73a7e41ffd8ce5a443b6e91d7c01ac%22%2C%22reqSigs%22%3A1%2C%22type%22%3A%22pubkey%22%2C%22addresses%22%3A%5B%22PBMN1yUSoRuaotjQRWjyk6mDRibjPuzigw%22%5D%7D', '2468.9', '88e08291a743618e50ce88fb7a5917626548a1bd3cb6beb682091cb12ecfd1f2', '0', '1345405822', '0', '36')
success: ForEachAsync (!array || !array.length)
